2021-01-22 00:00:00,940 DEBUG Perform: model: TextButton$5 Property: 'Width' Changed from->50 to->60 row=4
2021-01-22 00:00:02,401 DEBUG PropManager: OBJECT_SELECTED_TREEVIEW: Page$3 Parent: Root
2021-01-22 00:00:02,401 DEBUG Controller recv: OBJECT_SELECTED_TREEVIEW: Page$3 Parent: Root
2021-01-22 00:00:03,143 DEBUG PropManager: OBJECT_SELECTED_TREEVIEW: Page$2 Parent: Root
2021-01-22 00:00:03,143 DEBUG Controller recv: OBJECT_SELECTED_TREEVIEW: Page$2 Parent: Root
2021-01-22 00:00:03,807 DEBUG PropManager: OBJECT_SELECTED_TREEVIEW: Page$3 Parent: Root
2021-01-22 00:00:03,807 DEBUG Controller recv: OBJECT_SELECTED_TREEVIEW: Page$3 Parent: Root
2021-01-22 00:00:04,451 DEBUG PropManager: OBJECT_SELECTED_TREEVIEW: Page$4 Parent: Root
2021-01-22 00:00:04,451 DEBUG Controller recv: OBJECT_SELECTED_TREEVIEW: Page$4 Parent: Root
2021-01-22 00:00:05,497 DEBUG PropManager: OBJECT_SELECTED_TREEVIEW: Page$6 Parent: Root
2021-01-22 00:00:05,497 DEBUG Controller recv: OBJECT_SELECTED_TREEVIEW: Page$6 Parent: Root
2021-01-22 00:00:06,628 DEBUG PropManager: OBJECT_SELECTED_PAGEPANE: TextButton$11
2021-01-22 00:00:06,629 DEBUG TreeView recv: OBJECT_SELECTED_PAGEPANE: TextButton$11
2021-01-22 00:00:08,184 DEBUG PropManager: OBJECT_SELECTED_TREEVIEW: Page$4 Parent: Root
2021-01-22 00:00:08,184 DEBUG Controller recv: OBJECT_SELECTED_TREEVIEW: Page$4 Parent: Root
2021-01-22 00:00:08,691 DEBUG PropManager: OBJECT_SELECTED_TREEVIEW: Page$3 Parent: Root
2021-01-22 00:00:08,691 DEBUG Controller recv: OBJECT_SELECTED_TREEVIEW: Page$3 Parent: Root
2021-01-22 00:00:09,793 DEBUG PropManager: OBJECT_SELECTED_PAGEPANE: TextButton$5
2021-01-22 00:00:09,794 DEBUG TreeView recv: OBJECT_SELECTED_PAGEPANE: TextButton$5
2021-01-22 00:00:13,139 DEBUG Perform: model: TextButton$5 Property: 'Width' Changed from->60 to->80 row=4
2021-01-22 00:00:18,347 DEBUG Perform: model: TextButton$5 Property: 'Frame Color' Changed from->java.awt.Color[r=0,g=0,b=192] to->java.awt.Color[r=128,g=128,b=255] row=21
2021-01-22 00:00:23,490 DEBUG Perform: model: TextButton$5 Property: 'Fill Color' Changed from->java.awt.Color[r=0,g=0,b=128] to->java.awt.Color[r=128,g=128,b=255] row=22
2021-01-22 00:00:25,819 DEBUG Perform: model: TextButton$5 Property: 'Selected Color' Changed from->java.awt.Color[r=0,g=0,b=224] to->java.awt.Color[r=128,g=128,b=255] row=23
2021-01-22 00:00:26,791 DEBUG PropManager: OBJECT_SELECTED_PAGEPANE: Page$3
2021-01-22 00:00:26,792 DEBUG TreeView recv: OBJECT_SELECTED_PAGEPANE: Page$3
2021-01-22 00:00:34,409 DEBUG PropManager: OBJECT_SELECTED_TREEVIEW: Page$4 Parent: Root
2021-01-22 00:00:34,409 DEBUG Controller recv: OBJECT_SELECTED_TREEVIEW: Page$4 Parent: Root
2021-01-22 00:00:35,479 DEBUG PropManager: OBJECT_SELECTED_TREEVIEW: Page$5 Parent: Root
2021-01-22 00:00:35,479 DEBUG Controller recv: OBJECT_SELECTED_TREEVIEW: Page$5 Parent: Root
2021-01-22 00:00:37,106 DEBUG PropManager: OBJECT_SELECTED_TREEVIEW: Page$6 Parent: Root
2021-01-22 00:00:37,106 DEBUG Controller recv: OBJECT_SELECTED_TREEVIEW: Page$6 Parent: Root
2021-01-22 00:00:38,689 DEBUG PropManager: OBJECT_SELECTED_TREEVIEW: Page$5 Parent: Root
2021-01-22 00:00:38,689 DEBUG Controller recv: OBJECT_SELECTED_TREEVIEW: Page$5 Parent: Root
2021-01-22 00:00:39,848 DEBUG PropManager: OBJECT_SELECTED_TREEVIEW: Page$8 Parent: Root
2021-01-22 00:00:39,848 DEBUG Controller recv: OBJECT_SELECTED_TREEVIEW: Page$8 Parent: Root
2021-01-22 00:00:42,603 DEBUG Toolbar: textbutton
2021-01-22 00:00:42,614 DEBUG Perform: Add to page:E_PG_SETTINGS_BALANCING widget: E_ELEM_BTN20
2021-01-22 00:00:54,245 DEBUG Perform: model: TextButton$20 Property: 'Label' Changed from-> to->-> Blanacing row=8
2021-01-22 00:00:54,347 DEBUG PropManager: OBJECT_SELECTED_PAGEPANE: Page$8
2021-01-22 00:00:54,347 DEBUG TreeView recv: OBJECT_SELECTED_PAGEPANE: Page$8
2021-01-22 00:00:54,877 DEBUG PropManager: OBJECT_SELECTED_PAGEPANE: TextButton$20
2021-01-22 00:00:54,878 DEBUG TreeView recv: OBJECT_SELECTED_PAGEPANE: TextButton$20
2021-01-22 00:00:55,603 DEBUG Perform: model: TextButton$20 Property: 'X' Changed from->104 to->100 row=2
2021-01-22 00:00:55,603 DEBUG Perform: model: TextButton$20 Property: 'Y' Changed from->19 to->15 row=3
2021-01-22 00:00:55,603 DEBUG Perform: Drag page:E_PG_SETTINGS_BALANCING widget:E_ELEM_BTN20
2021-01-22 00:00:58,199 DEBUG Perform: model: TextButton$20 Property: 'Height' Changed from->40 to->20 row=5
2021-01-22 00:01:01,650 DEBUG Perform: model: TextButton$20 Property: 'Frame Color' Changed from->java.awt.Color[r=0,g=0,b=192] to->java.awt.Color[r=128,g=128,b=255] row=21
2021-01-22 00:01:04,865 DEBUG Perform: model: TextButton$20 Property: 'Fill Color' Changed from->java.awt.Color[r=0,g=0,b=128] to->java.awt.Color[r=128,g=128,b=255] row=22
2021-01-22 00:01:07,356 DEBUG Perform: model: TextButton$20 Property: 'Selected Color' Changed from->java.awt.Color[r=0,g=0,b=224] to->java.awt.Color[r=128,g=128,b=255] row=23
2021-01-22 00:01:09,751 DEBUG Perform: model: TextButton$20 Property: 'X' Changed from->63 to->60 row=2
2021-01-22 00:01:09,751 DEBUG Perform: model: TextButton$20 Property: 'Y' Changed from->0 to->0 row=3
2021-01-22 00:01:09,751 DEBUG Perform: Drag page:E_PG_SETTINGS_BALANCING widget:E_ELEM_BTN20
2021-01-22 00:01:10,253 DEBUG PropManager: OBJECT_SELECTED_PAGEPANE: Page$8
2021-01-22 00:01:10,253 DEBUG TreeView recv: OBJECT_SELECTED_PAGEPANE: Page$8
2021-01-22 00:01:10,673 DEBUG PropManager: OBJECT_SELECTED_PAGEPANE: TextButton$20
2021-01-22 00:01:10,673 DEBUG TreeView recv: OBJECT_SELECTED_PAGEPANE: TextButton$20
2021-01-22 00:01:13,111 DEBUG Perform: model: TextButton$20 Property: 'X' Changed from->31 to->30 row=2
2021-01-22 00:01:13,111 DEBUG Perform: model: TextButton$20 Property: 'Y' Changed from->0 to->0 row=3
2021-01-22 00:01:13,111 DEBUG Perform: Drag page:E_PG_SETTINGS_BALANCING widget:E_ELEM_BTN20
2021-01-22 00:01:13,603 DEBUG PropManager: OBJECT_SELECTED_PAGEPANE: Page$8
2021-01-22 00:01:13,603 DEBUG TreeView recv: OBJECT_SELECTED_PAGEPANE: Page$8
2021-01-22 00:01:16,384 DEBUG PropManager: OBJECT_SELECTED_PAGEPANE: TextButton$20
2021-01-22 00:01:16,384 DEBUG TreeView recv: OBJECT_SELECTED_PAGEPANE: TextButton$20
2021-01-22 00:01:20,986 DEBUG Perform: model: TextButton$20 Property: 'Frame Color' Changed from->java.awt.Color[r=128,g=128,b=255] to->java.awt.Color[r=128,g=255,b=128] row=21
2021-01-22 00:01:25,791 DEBUG Perform: model: TextButton$20 Property: 'Selected Color' Changed from->java.awt.Color[r=128,g=128,b=255] to->java.awt.Color[r=128,g=255,b=128] row=23
2021-01-22 00:01:29,613 DEBUG Perform: model: TextButton$20 Property: 'Fill Color' Changed from->java.awt.Color[r=128,g=128,b=255] to->java.awt.Color[r=128,g=255,b=128] row=22
2021-01-22 00:01:30,315 DEBUG PropManager: OBJECT_SELECTED_PAGEPANE: Page$8
2021-01-22 00:01:30,315 DEBUG TreeView recv: OBJECT_SELECTED_PAGEPANE: Page$8
2021-01-22 00:01:31,267 DEBUG PropManager: OBJECT_SELECTED_PAGEPANE: TextButton$20
2021-01-22 00:01:31,268 DEBUG TreeView recv: OBJECT_SELECTED_PAGEPANE: TextButton$20
2021-01-22 00:01:35,405 DEBUG Perform: model: TextButton$20 Property: 'Text Color' Changed from->java.awt.Color[r=255,g=255,b=255] to->java.awt.Color[r=0,g=128,b=128] row=20
2021-01-22 00:01:36,180 DEBUG PropManager: OBJECT_SELECTED_PAGEPANE: Page$8
2021-01-22 00:01:36,180 DEBUG TreeView recv: OBJECT_SELECTED_PAGEPANE: Page$8
2021-01-22 00:01:38,221 DEBUG PropManager: OBJECT_SELECTED_PAGEPANE: TextButton$20
2021-01-22 00:01:38,221 DEBUG TreeView recv: OBJECT_SELECTED_PAGEPANE: TextButton$20
2021-01-22 00:01:40,858 DEBUG Perform: model: TextButton$20 Property: 'Text Color' Changed from->java.awt.Color[r=0,g=128,b=128] to->java.awt.Color[r=0,g=128,b=128] row=20
2021-01-22 00:01:51,562 DEBUG Perform: model: TextButton$20 Property: 'Frame Color' Changed from->java.awt.Color[r=128,g=255,b=128] to->java.awt.Color[r=64,g=64,b=255] row=21
2021-01-22 00:01:52,627 DEBUG PropManager: OBJECT_SELECTED_PAGEPANE: Page$8
2021-01-22 00:01:52,627 DEBUG TreeView recv: OBJECT_SELECTED_PAGEPANE: Page$8
2021-01-22 00:01:53,361 DEBUG PropManager: OBJECT_SELECTED_PAGEPANE: TextButton$20
2021-01-22 00:01:53,361 DEBUG TreeView recv: OBJECT_SELECTED_PAGEPANE: TextButton$20
2021-01-22 00:01:59,979 DEBUG Perform: model: TextButton$20 Property: 'Selected Color' Changed from->java.awt.Color[r=128,g=255,b=128] to->java.awt.Color[r=64,g=64,b=255] row=23
2021-01-22 00:02:05,170 DEBUG Perform: model: TextButton$20 Property: 'Fill Color' Changed from->java.awt.Color[r=128,g=255,b=128] to->java.awt.Color[r=64,g=64,b=255] row=22
2021-01-22 00:02:06,079 DEBUG PropManager: OBJECT_SELECTED_PAGEPANE: Page$8
2021-01-22 00:02:06,079 DEBUG TreeView recv: OBJECT_SELECTED_PAGEPANE: Page$8
2021-01-22 00:02:07,070 DEBUG PropManager: OBJECT_SELECTED_PAGEPANE: TextButton$20
2021-01-22 00:02:07,070 DEBUG TreeView recv: OBJECT_SELECTED_PAGEPANE: TextButton$20
2021-01-22 00:02:13,416 DEBUG Perform: model: TextButton$20 Property: 'Text Color' Changed from->java.awt.Color[r=0,g=128,b=128] to->java.awt.Color[r=255,g=255,b=255] row=20
2021-01-22 00:02:14,181 DEBUG PropManager: OBJECT_SELECTED_PAGEPANE: Page$8
2021-01-22 00:02:14,181 DEBUG TreeView recv: OBJECT_SELECTED_PAGEPANE: Page$8
2021-01-22 00:02:17,219 DEBUG PropManager: OBJECT_SELECTED_PAGEPANE: Page$8
2021-01-22 00:02:17,219 DEBUG TreeView recv: OBJECT_SELECTED_PAGEPANE: Page$8
2021-01-22 00:02:22,828 DEBUG Toolbar: save
2021-01-22 00:02:22,845 DEBUG Saved Project into projects.prj
2021-01-22 00:02:24,445 DEBUG Toolbar: generateCode
2021-01-22 00:02:57,782 DEBUG PropManager: OBJECT_SELECTED_PAGEPANE: TextButton$20
2021-01-22 00:02:57,782 DEBUG TreeView recv: OBJECT_SELECTED_PAGEPANE: TextButton$20
2021-01-22 00:03:02,586 DEBUG Toolbar: copyprops
2021-01-22 00:03:08,517 DEBUG PropManager: OBJECT_SELECTED_TREEVIEW: Page$8 Parent: Root
2021-01-22 00:03:08,517 DEBUG Controller recv: OBJECT_SELECTED_TREEVIEW: Page$8 Parent: Root
2021-01-22 00:03:09,182 DEBUG PropManager: OBJECT_SELECTED_TREEVIEW: Page$7 Parent: Root
2021-01-22 00:03:09,182 DEBUG Controller recv: OBJECT_SELECTED_TREEVIEW: Page$7 Parent: Root
2021-01-22 00:03:11,017 DEBUG PropManager: OBJECT_SELECTED_TREEVIEW: Page$6 Parent: Root
2021-01-22 00:03:11,017 DEBUG Controller recv: OBJECT_SELECTED_TREEVIEW: Page$6 Parent: Root
2021-01-22 00:03:12,930 DEBUG PropManager: OBJECT_SELECTED_PAGEPANE: TextButton$11
2021-01-22 00:03:12,930 DEBUG TreeView recv: OBJECT_SELECTED_PAGEPANE: TextButton$11
2021-01-22 00:03:13,799 DEBUG PropManager: OBJECT_SELECTED_PAGEPANE: TextButton$12
2021-01-22 00:03:13,799 DEBUG TreeView recv: OBJECT_SELECTED_PAGEPANE: TextButton$12
2021-01-22 00:03:15,510 DEBUG Perform: Copy Properties: from:E_ELEM_BTN20 to:E_ELEM_BTN11,E_ELEM_BTN12
2021-01-22 00:03:17,844 DEBUG PropManager: OBJECT_SELECTED_PAGEPANE: TextButton$11
2021-01-22 00:03:17,844 DEBUG TreeView recv: OBJECT_SELECTED_PAGEPANE: TextButton$11
2021-01-22 00:03:19,390 DEBUG Toolbar: copyprops
2021-01-22 00:03:22,893 DEBUG PropManager: OBJECT_SELECTED_TREEVIEW: Page$6 Parent: Root
2021-01-22 00:03:22,893 DEBUG Controller recv: OBJECT_SELECTED_TREEVIEW: Page$6 Parent: Root
2021-01-22 00:03:23,626 DEBUG PropManager: OBJECT_SELECTED_TREEVIEW: Page$5 Parent: Root
2021-01-22 00:03:23,626 DEBUG Controller recv: OBJECT_SELECTED_TREEVIEW: Page$5 Parent: Root
2021-01-22 00:03:25,086 DEBUG PropManager: OBJECT_SELECTED_PAGEPANE: TextButton$8
2021-01-22 00:03:25,087 DEBUG TreeView recv: OBJECT_SELECTED_PAGEPANE: TextButton$8
2021-01-22 00:03:26,742 DEBUG Perform: Copy Properties: from:E_ELEM_BTN11 to:E_ELEM_BTN8
2021-01-22 00:03:28,205 DEBUG PropManager: OBJECT_SELECTED_TREEVIEW: Page$5 Parent: Root
2021-01-22 00:03:28,205 DEBUG Controller recv: OBJECT_SELECTED_TREEVIEW: Page$5 Parent: Root
2021-01-22 00:03:28,838 DEBUG PropManager: OBJECT_SELECTED_TREEVIEW: Page$4 Parent: Root
2021-01-22 00:03:28,838 DEBUG Controller recv: OBJECT_SELECTED_TREEVIEW: Page$4 Parent: Root
2021-01-22 00:03:29,580 DEBUG PropManager: OBJECT_SELECTED_TREEVIEW: Page$3 Parent: Root
2021-01-22 00:03:29,580 DEBUG Controller recv: OBJECT_SELECTED_TREEVIEW: Page$3 Parent: Root
2021-01-22 00:03:30,346 DEBUG PropManager: OBJECT_SELECTED_TREEVIEW: Page$2 Parent: Root
2021-01-22 00:03:30,346 DEBUG Controller recv: OBJECT_SELECTED_TREEVIEW: Page$2 Parent: Root
2021-01-22 00:03:31,235 DEBUG PropManager: OBJECT_SELECTED_TREEVIEW: Page$1 Parent: Root
2021-01-22 00:03:31,235 DEBUG Controller recv: OBJECT_SELECTED_TREEVIEW: Page$1 Parent: Root
2021-01-22 00:03:31,688 DEBUG PropManager: OBJECT_SELECTED_TREEVIEW: BasePage$1 Parent: Root
2021-01-22 00:03:31,688 DEBUG Controller recv: OBJECT_SELECTED_TREEVIEW: BasePage$1 Parent: Root
2021-01-22 00:03:33,446 DEBUG Toolbar: save
2021-01-22 00:03:33,448 DEBUG Saved Project into projects.prj
2021-01-22 00:03:34,132 DEBUG Toolbar: generateCode
2021-01-22 00:03:58,932 DEBUG PropManager: OBJECT_SELECTED_TREEVIEW: Page$3 Parent: Root
2021-01-22 00:03:58,932 DEBUG Controller recv: OBJECT_SELECTED_TREEVIEW: Page$3 Parent: Root
2021-01-22 00:03:59,384 DEBUG PropManager: OBJECT_SELECTED_TREEVIEW: Page$4 Parent: Root
2021-01-22 00:03:59,384 DEBUG Controller recv: OBJECT_SELECTED_TREEVIEW: Page$4 Parent: Root
2021-01-22 00:03:59,774 DEBUG PropManager: OBJECT_SELECTED_TREEVIEW: Page$3 Parent: Root
2021-01-22 00:03:59,774 DEBUG Controller recv: OBJECT_SELECTED_TREEVIEW: Page$3 Parent: Root
2021-01-22 00:04:00,828 DEBUG PropManager: OBJECT_SELECTED_PAGEPANE: TextButton$5
2021-01-22 00:04:00,828 DEBUG TreeView recv: OBJECT_SELECTED_PAGEPANE: TextButton$5
2021-01-22 00:04:04,862 DEBUG Perform: model: TextButton$5 Property: 'Frame Color' Changed from->java.awt.Color[r=128,g=128,b=255] to->java.awt.Color[r=64,g=64,b=255] row=21
2021-01-22 00:04:07,497 DEBUG Perform: model: TextButton$5 Property: 'Fill Color' Changed from->java.awt.Color[r=128,g=128,b=255] to->java.awt.Color[r=64,g=64,b=255] row=22
2021-01-22 00:04:10,473 DEBUG Perform: model: TextButton$5 Property: 'Selected Color' Changed from->java.awt.Color[r=128,g=128,b=255] to->java.awt.Color[r=64,g=64,b=255] row=23
2021-01-22 00:04:10,992 DEBUG PropManager: OBJECT_SELECTED_PAGEPANE: Page$3
2021-01-22 00:04:10,993 DEBUG TreeView recv: OBJECT_SELECTED_PAGEPANE: Page$3
2021-01-22 00:04:11,659 DEBUG Menu: save
2021-01-22 00:04:11,664 DEBUG Saved Project into projects.prj
2021-01-22 00:04:13,946 DEBUG PropManager: OBJECT_SELECTED_TREEVIEW: Page$4 Parent: Root
2021-01-22 00:04:13,946 DEBUG Controller recv: OBJECT_SELECTED_TREEVIEW: Page$4 Parent: Root
2021-01-22 00:04:14,320 DEBUG PropManager: OBJECT_SELECTED_TREEVIEW: Page$5 Parent: Root
2021-01-22 00:04:14,320 DEBUG Controller recv: OBJECT_SELECTED_TREEVIEW: Page$5 Parent: Root
2021-01-22 00:04:14,681 DEBUG PropManager: OBJECT_SELECTED_TREEVIEW: Page$6 Parent: Root
2021-01-22 00:04:14,682 DEBUG Controller recv: OBJECT_SELECTED_TREEVIEW: Page$6 Parent: Root
2021-01-22 00:04:15,358 DEBUG PropManager: OBJECT_SELECTED_TREEVIEW: Page$7 Parent: Root
2021-01-22 00:04:15,358 DEBUG Controller recv: OBJECT_SELECTED_TREEVIEW: Page$7 Parent: Root
2021-01-22 00:04:15,820 DEBUG PropManager: OBJECT_SELECTED_TREEVIEW: Page$8 Parent: Root
2021-01-22 00:04:15,820 DEBUG Controller recv: OBJECT_SELECTED_TREEVIEW: Page$8 Parent: Root
2021-01-22 00:04:21,593 DEBUG PropManager: OBJECT_SELECTED_PAGEPANE: TextButton$20
2021-01-22 00:04:21,593 DEBUG TreeView recv: OBJECT_SELECTED_PAGEPANE: TextButton$20
2021-01-22 00:04:24,070 DEBUG PropManager: OBJECT_SELECTED_TREEVIEW: Page$8 Parent: Root
2021-01-22 00:04:24,070 DEBUG Controller recv: OBJECT_SELECTED_TREEVIEW: Page$8 Parent: Root
2021-01-22 00:04:25,016 DEBUG PropManager: OBJECT_SELECTED_TREEVIEW: Page$7 Parent: Root
2021-01-22 00:04:25,016 DEBUG Controller recv: OBJECT_SELECTED_TREEVIEW: Page$7 Parent: Root
2021-01-22 00:04:25,524 DEBUG PropManager: OBJECT_SELECTED_TREEVIEW: Page$6 Parent: Root
2021-01-22 00:04:25,524 DEBUG Controller recv: OBJECT_SELECTED_TREEVIEW: Page$6 Parent: Root
2021-01-22 00:04:25,961 DEBUG PropManager: OBJECT_SELECTED_TREEVIEW: Page$7 Parent: Root
2021-01-22 00:04:25,962 DEBUG Controller recv: OBJECT_SELECTED_TREEVIEW: Page$7 Parent: Root
2021-01-22 00:04:26,461 DEBUG PropManager: OBJECT_SELECTED_TREEVIEW: Page$8 Parent: Root
2021-01-22 00:04:26,461 DEBUG Controller recv: OBJECT_SELECTED_TREEVIEW: Page$8 Parent: Root
2021-01-22 00:04:27,849 DEBUG PropManager: OBJECT_SELECTED_PAGEPANE: TextButton$20
2021-01-22 00:04:27,849 DEBUG TreeView recv: OBJECT_SELECTED_PAGEPANE: TextButton$20
2021-01-22 00:04:39,534 DEBUG Perform: model: TextButton$20 Property: 'Label' Changed from->-> Blanacing to->-> Balancing row=8
2021-01-22 00:04:41,887 DEBUG PropManager: OBJECT_SELECTED_PAGEPANE: Page$8
2021-01-22 00:04:41,888 DEBUG TreeView recv: OBJECT_SELECTED_PAGEPANE: Page$8
2021-01-22 00:04:48,497 DEBUG PropManager: OBJECT_SELECTED_PAGEPANE: Page$8
2021-01-22 00:04:48,497 DEBUG TreeView recv: OBJECT_SELECTED_PAGEPANE: Page$8
2021-01-22 00:05:03,012 DEBUG PropManager: OBJECT_SELECTED_TREEVIEW: BasePage$1 Parent: Root
2021-01-22 00:05:03,012 DEBUG Controller recv: OBJECT_SELECTED_TREEVIEW: BasePage$1 Parent: Root
2021-01-22 00:05:03,461 DEBUG PropManager: OBJECT_SELECTED_TREEVIEW: Page$1 Parent: Root
2021-01-22 00:05:03,461 DEBUG Controller recv: OBJECT_SELECTED_TREEVIEW: Page$1 Parent: Root
2021-01-22 00:05:03,911 DEBUG PropManager: OBJECT_SELECTED_TREEVIEW: Page$2 Parent: Root
2021-01-22 00:05:03,911 DEBUG Controller recv: OBJECT_SELECTED_TREEVIEW: Page$2 Parent: Root
2021-01-22 00:05:05,332 DEBUG PropManager: OBJECT_SELECTED_PAGEPANE: Box$1
2021-01-22 00:05:05,332 DEBUG TreeView recv: OBJECT_SELECTED_PAGEPANE: Box$1
2021-01-22 00:05:15,161 DEBUG Perform: model: Box$1 Property: 'Fill Color' Changed from->java.awt.Color[r=0,g=0,b=0] to->java.awt.Color[r=160,g=160,b=160] row=13
2021-01-22 00:05:16,027 DEBUG PropManager: OBJECT_SELECTED_PAGEPANE: Page$2
2021-01-22 00:05:16,028 DEBUG TreeView recv: OBJECT_SELECTED_PAGEPANE: Page$2
2021-01-22 00:05:20,442 DEBUG PropManager: OBJECT_SELECTED_PAGEPANE: Text$97
2021-01-22 00:05:20,442 DEBUG TreeView recv: OBJECT_SELECTED_PAGEPANE: Text$97
2021-01-22 00:05:25,004 DEBUG PropManager: OBJECT_SELECTED_PAGEPANE: Box$2
2021-01-22 00:05:25,004 DEBUG TreeView recv: OBJECT_SELECTED_PAGEPANE: Box$2
2021-01-22 00:05:30,649 DEBUG Perform: model: Box$2 Property: 'Fill Color' Changed from->java.awt.Color[r=0,g=0,b=0] to->java.awt.Color[r=192,g=192,b=192] row=13
2021-01-22 00:05:31,152 DEBUG PropManager: OBJECT_SELECTED_PAGEPANE: Page$2
2021-01-22 00:05:31,152 DEBUG TreeView recv: OBJECT_SELECTED_PAGEPANE: Page$2
2021-01-22 00:05:32,786 DEBUG PropManager: OBJECT_SELECTED_PAGEPANE: Text$97
2021-01-22 00:05:32,786 DEBUG TreeView recv: OBJECT_SELECTED_PAGEPANE: Text$97
2021-01-22 00:05:38,229 DEBUG Perform: model: Text$97 Property: 'Fill Color' Changed from->java.awt.Color[r=0,g=0,b=0] to->java.awt.Color[r=128,g=128,b=128] row=18
2021-01-22 00:05:39,012 DEBUG PropManager: OBJECT_SELECTED_PAGEPANE: Page$2
2021-01-22 00:05:39,013 DEBUG TreeView recv: OBJECT_SELECTED_PAGEPANE: Page$2
2021-01-22 00:05:40,331 DEBUG PropManager: OBJECT_SELECTED_PAGEPANE: Page$2
2021-01-22 00:05:40,331 DEBUG TreeView recv: OBJECT_SELECTED_PAGEPANE: Page$2
2021-01-22 00:05:41,168 DEBUG PropManager: OBJECT_SELECTED_PAGEPANE: Box$1
2021-01-22 00:05:41,168 DEBUG TreeView recv: OBJECT_SELECTED_PAGEPANE: Box$1
2021-01-22 00:05:47,220 DEBUG Perform: model: Box$1 Property: 'Fill Color' Changed from->java.awt.Color[r=160,g=160,b=160] to->java.awt.Color[r=128,g=128,b=128] row=13
2021-01-22 00:05:47,770 DEBUG PropManager: OBJECT_SELECTED_PAGEPANE: Page$2
2021-01-22 00:05:47,770 DEBUG TreeView recv: OBJECT_SELECTED_PAGEPANE: Page$2
2021-01-22 00:05:49,065 DEBUG PropManager: OBJECT_SELECTED_PAGEPANE: Box$2
2021-01-22 00:05:49,065 DEBUG TreeView recv: OBJECT_SELECTED_PAGEPANE: Box$2
2021-01-22 00:05:49,800 DEBUG PropManager: OBJECT_SELECTED_PAGEPANE: Page$2
2021-01-22 00:05:49,801 DEBUG TreeView recv: OBJECT_SELECTED_PAGEPANE: Page$2
2021-01-22 00:05:51,691 DEBUG PropManager: OBJECT_SELECTED_PAGEPANE: Box$2
2021-01-22 00:05:51,692 DEBUG TreeView recv: OBJECT_SELECTED_PAGEPANE: Box$2
2021-01-22 00:05:57,273 DEBUG Perform: model: Box$2 Property: 'Frame Color' Changed from->java.awt.Color[r=128,g=128,b=128] to->java.awt.Color[r=128,g=128,b=128] row=12
2021-01-22 00:05:59,945 DEBUG Perform: model: Box$2 Property: 'Fill Color' Changed from->java.awt.Color[r=192,g=192,b=192] to->java.awt.Color[r=128,g=128,b=128] row=13
2021-01-22 00:06:00,332 DEBUG PropManager: OBJECT_SELECTED_PAGEPANE: Page$2
2021-01-22 00:06:00,332 DEBUG TreeView recv: OBJECT_SELECTED_PAGEPANE: Page$2
2021-01-22 00:06:03,291 DEBUG PropManager: OBJECT_SELECTED_PAGEPANE: Text$97
2021-01-22 00:06:03,291 DEBUG TreeView recv: OBJECT_SELECTED_PAGEPANE: Text$97
2021-01-22 00:06:08,516 DEBUG Perform: model: Text$97 Property: 'Text Color' Changed from->java.awt.Color[r=0,g=128,b=128] to->java.awt.Color[r=255,g=255,b=255] row=16
2021-01-22 00:06:09,191 DEBUG PropManager: OBJECT_SELECTED_PAGEPANE: Page$2
2021-01-22 00:06:09,191 DEBUG TreeView recv: OBJECT_SELECTED_PAGEPANE: Page$2
2021-01-22 00:06:19,886 DEBUG Toolbar: save
2021-01-22 00:06:19,894 DEBUG Saved Project into projects.prj
2021-01-22 00:06:20,721 DEBUG Toolbar: save
2021-01-22 00:06:20,723 DEBUG Saved Project into projects.prj
2021-01-22 00:06:22,651 DEBUG Toolbar: generateCode
2021-01-22 00:06:29,379 DEBUG PropManager: OBJECT_SELECTED_TREEVIEW: Page$1 Parent: Root
2021-01-22 00:06:29,379 DEBUG Controller recv: OBJECT_SELECTED_TREEVIEW: Page$1 Parent: Root
2021-01-22 00:06:30,440 DEBUG PropManager: OBJECT_SELECTED_PAGEPANE: Page$1
2021-01-22 00:06:30,440 DEBUG TreeView recv: OBJECT_SELECTED_PAGEPANE: Page$1
2021-01-22 00:07:35,590 DEBUG Toolbar: image
2021-01-22 00:07:44,831 DEBUG Builder crash: /home/yannick/Nextcloud/HTWG/08_Bachalorarbeit/500_Code/020_BMC/GUIsliceBuilder/logs/20210122_000743.txt
2021-01-22 00:07:51,045 DEBUG Builder ver: 0.16.b004 started java ver: 14.0 osys: linux
2021-01-22 00:07:51,141 DEBUG FontFactory Initialized
2021-01-22 00:07:51,765 DEBUG TV-add page: Node: key=Project$1 enum=E_PROJECT_OPTIONS type=Project
2021-01-22 00:07:51,776 DEBUG PropManager: OBJECT_SELECTED_TREEVIEW: Project$1 Parent: Root
2021-01-22 00:07:51,776 DEBUG Controller recv: OBJECT_SELECTED_TREEVIEW: Project$1 Parent: Root
2021-01-22 00:07:51,778 DEBUG TreeView recv: PAGE_TAB_CHANGE Key: Page$1
2021-01-22 00:07:51,780 DEBUG TV-add page: Node: key=Page$1 enum=E_PG_MAIN type=Page
2021-01-22 00:07:51,782 DEBUG PropManager: OBJECT_SELECTED_TREEVIEW: Page$1 Parent: Root
2021-01-22 00:07:51,782 DEBUG Controller recv: OBJECT_SELECTED_TREEVIEW: Page$1 Parent: Root
2021-01-22 00:07:51,783 DEBUG New Project
2021-01-22 00:07:56,013 DEBUG Toolbar: image
2021-01-22 00:08:04,437 DEBUG Builder crash: /home/yannick/Nextcloud/HTWG/08_Bachalorarbeit/500_Code/020_BMC/GUIsliceBuilder/logs/20210122_000803.txt
2021-01-22 00:08:19,923 DEBUG Builder ver: 0.16.b004 started java ver: 14.0 osys: linux
2021-01-22 00:08:20,029 DEBUG FontFactory Initialized
2021-01-22 00:08:20,613 DEBUG TV-add page: Node: key=Project$1 enum=E_PROJECT_OPTIONS type=Project
2021-01-22 00:08:20,621 DEBUG PropManager: OBJECT_SELECTED_TREEVIEW: Project$1 Parent: Root
2021-01-22 00:08:20,622 DEBUG Controller recv: OBJECT_SELECTED_TREEVIEW: Project$1 Parent: Root
2021-01-22 00:08:20,623 DEBUG TreeView recv: PAGE_TAB_CHANGE Key: Page$1
2021-01-22 00:08:20,625 DEBUG TV-add page: Node: key=Page$1 enum=E_PG_MAIN type=Page
2021-01-22 00:08:20,628 DEBUG PropManager: OBJECT_SELECTED_TREEVIEW: Page$1 Parent: Root
2021-01-22 00:08:20,628 DEBUG Controller recv: OBJECT_SELECTED_TREEVIEW: Page$1 Parent: Root
2021-01-22 00:08:20,628 DEBUG New Project
2021-01-22 00:08:22,577 DEBUG Toolbar: image
2021-01-22 00:08:29,625 DEBUG Perform: Add to page:E_PG_MAIN widget: E_ELEM_IMAGE1
2021-01-22 00:08:30,607 DEBUG PropManager: OBJECT_SELECTED_PAGEPANE: Page$1
2021-01-22 00:08:30,607 DEBUG TreeView recv: OBJECT_SELECTED_PAGEPANE: Page$1
2021-01-22 00:08:31,201 DEBUG PropManager: OBJECT_SELECTED_PAGEPANE: Image$1
2021-01-22 00:08:31,201 DEBUG TreeView recv: OBJECT_SELECTED_PAGEPANE: Image$1
2021-01-22 00:08:32,357 DEBUG PropManager: OBJECT_SELECTED_PAGEPANE: Page$1
2021-01-22 00:08:32,357 DEBUG TreeView recv: OBJECT_SELECTED_PAGEPANE: Page$1
2021-01-22 00:08:33,015 DEBUG PropManager: OBJECT_SELECTED_PAGEPANE: Image$1
2021-01-22 00:08:33,015 DEBUG TreeView recv: OBJECT_SELECTED_PAGEPANE: Image$1
2021-01-22 00:08:33,929 DEBUG PropManager: OBJECT_SELECTED_PAGEPANE: Page$1
2021-01-22 00:08:33,930 DEBUG TreeView recv: OBJECT_SELECTED_PAGEPANE: Page$1
2021-01-22 00:08:36,201 DEBUG Toolbar: image
2021-01-22 00:13:49,233 DEBUG Toolbar: image
2021-01-22 00:14:43,397 DEBUG Perform: Add to page:E_PG_MAIN widget: E_ELEM_IMAGE3
2021-01-22 00:14:43,398 DEBUG PropManager: OBJECT_SELECTED_PAGEPANE: Image$3
2021-01-22 00:14:43,398 DEBUG TreeView recv: OBJECT_SELECTED_PAGEPANE: Image$3
2021-01-22 00:14:45,288 DEBUG Perform: Drag Failed
2021-01-22 00:14:46,673 DEBUG PropManager: OBJECT_SELECTED_PAGEPANE: Image$3
2021-01-22 00:14:46,673 DEBUG TreeView recv: OBJECT_SELECTED_PAGEPANE: Image$3
2021-01-22 00:14:47,761 DEBUG Menu: delete
2021-01-22 00:14:50,194 DEBUG TV-delete: Node: key=Page$1 enum=null type=Page
2021-01-22 00:14:50,194 DEBUG PropManager: WIDGET_DELETE: Image$3 Parent: Page$1
2021-01-22 00:14:50,194 DEBUG Perform: Delete from page:E_PG_MAIN widget:E_ELEM_IMAGE3
2021-01-22 00:17:45,648 DEBUG Toolbar: image
2021-01-22 00:17:47,871 DEBUG Perform: Add to page:E_PG_MAIN widget: E_ELEM_IMAGE4
2021-01-22 00:17:49,054 DEBUG PropManager: OBJECT_SELECTED_PAGEPANE: Image$4
2021-01-22 00:17:49,055 DEBUG TreeView recv: OBJECT_SELECTED_PAGEPANE: Image$4
2021-01-22 00:17:49,721 DEBUG Perform: Drag Failed
2021-01-22 00:17:50,368 DEBUG PropManager: OBJECT_SELECTED_PAGEPANE: Page$1
2021-01-22 00:17:50,368 DEBUG TreeView recv: OBJECT_SELECTED_PAGEPANE: Page$1
2021-01-22 00:17:50,783 DEBUG PropManager: OBJECT_SELECTED_PAGEPANE: Image$4
2021-01-22 00:17:50,784 DEBUG TreeView recv: OBJECT_SELECTED_PAGEPANE: Image$4
2021-01-22 00:17:56,711 DEBUG Perform: model: Image$4 Property: 'Width' Changed from->248 to->50 row=4
2021-01-22 00:18:00,225 DEBUG Perform: model: Image$4 Property: 'Height' Changed from->248 to->50 row=5
2021-01-22 00:18:01,422 DEBUG PropManager: OBJECT_SELECTED_PAGEPANE: Page$1
2021-01-22 00:18:01,422 DEBUG TreeView recv: OBJECT_SELECTED_PAGEPANE: Page$1
2021-01-22 00:18:02,079 DEBUG PropManager: OBJECT_SELECTED_PAGEPANE: Page$1
2021-01-22 00:18:02,079 DEBUG TreeView recv: OBJECT_SELECTED_PAGEPANE: Page$1
2021-01-22 00:18:02,735 DEBUG PropManager: OBJECT_SELECTED_PAGEPANE: Image$4
2021-01-22 00:18:02,735 DEBUG TreeView recv: OBJECT_SELECTED_PAGEPANE: Image$4
2021-01-22 00:18:04,733 DEBUG Toolbar: undo
2021-01-22 00:18:04,733 DEBUG Undo: model: Image$4 Property: 'Height' Changed from->248 to->50 row=5
2021-01-22 00:18:05,222 DEBUG Toolbar: undo
2021-01-22 00:18:05,222 DEBUG Undo: model: Image$4 Property: 'Width' Changed from->248 to->50 row=4
2021-01-22 00:18:06,017 DEBUG PropManager: OBJECT_SELECTED_PAGEPANE: Page$1
2021-01-22 00:18:06,017 DEBUG TreeView recv: OBJECT_SELECTED_PAGEPANE: Page$1
2021-01-22 00:18:06,469 DEBUG PropManager: OBJECT_SELECTED_PAGEPANE: Image$4
2021-01-22 00:18:06,469 DEBUG TreeView recv: OBJECT_SELECTED_PAGEPANE: Image$4
2021-01-22 00:18:07,180 DEBUG Perform: Drag Failed
2021-01-22 00:18:07,868 DEBUG Perform: Drag Failed
2021-01-22 00:18:08,210 DEBUG PropManager: OBJECT_SELECTED_PAGEPANE: Page$1
2021-01-22 00:18:08,211 DEBUG TreeView recv: OBJECT_SELECTED_PAGEPANE: Page$1
2021-01-22 00:18:08,882 DEBUG PropManager: OBJECT_SELECTED_PAGEPANE: Image$4
2021-01-22 00:18:08,883 DEBUG TreeView recv: OBJECT_SELECTED_PAGEPANE: Image$4
2021-01-22 00:18:09,688 DEBUG Perform: Drag Failed
2021-01-22 00:18:10,571 DEBUG Perform: Drag Failed
2021-01-22 00:18:17,120 DEBUG Perform: model: Image$4 Property: 'X' Changed from->155 to->100 row=2
2021-01-22 00:18:19,957 DEBUG Perform: model: Image$4 Property: 'Y' Changed from->180 to->10 row=3
2021-01-22 00:18:22,039 DEBUG PropManager: OBJECT_SELECTED_PAGEPANE: Page$1
2021-01-22 00:18:22,039 DEBUG TreeView recv: OBJECT_SELECTED_PAGEPANE: Page$1
2021-01-22 01:10:34,077 DEBUG Builder ver: 0.16.b004 started java ver: 14.0 osys: linux
2021-01-22 01:10:34,182 DEBUG FontFactory Initialized
2021-01-22 01:10:34,834 DEBUG TV-add page: Node: key=Project$1 enum=E_PROJECT_OPTIONS type=Project
2021-01-22 01:10:34,845 DEBUG PropManager: OBJECT_SELECTED_TREEVIEW: Project$1 Parent: Root
2021-01-22 01:10:34,845 DEBUG Controller recv: OBJECT_SELECTED_TREEVIEW: Project$1 Parent: Root
2021-01-22 01:10:34,847 DEBUG TreeView recv: PAGE_TAB_CHANGE Key: Page$1
2021-01-22 01:10:34,849 DEBUG TV-add page: Node: key=Page$1 enum=E_PG_MAIN type=Page
2021-01-22 01:10:34,853 DEBUG PropManager: OBJECT_SELECTED_TREEVIEW: Page$1 Parent: Root
2021-01-22 01:10:34,853 DEBUG Controller recv: OBJECT_SELECTED_TREEVIEW: Page$1 Parent: Root
2021-01-22 01:10:34,854 DEBUG New Project
2021-01-22 01:10:40,060 DEBUG Toolbar: open
2021-01-22 01:10:41,735 DEBUG Open Project: projects.prj Started
2021-01-22 01:10:41,778 DEBUG TV-add page: Node: key=Project$1 enum=E_PROJECT_OPTIONS type=Project
2021-01-22 01:10:41,783 DEBUG PropManager: OBJECT_SELECTED_TREEVIEW: Project$1 Parent: Root
2021-01-22 01:10:41,783 DEBUG Controller recv: OBJECT_SELECTED_TREEVIEW: Project$1 Parent: Root
2021-01-22 01:10:41,784 DEBUG TreeView recv: PAGE_TAB_CHANGE Key: BasePage$1
2021-01-22 01:10:41,787 DEBUG TV-add page: Node: key=BasePage$1 enum=E_PG_BASE type=BasePage
2021-01-22 01:10:41,789 DEBUG PropManager: OBJECT_SELECTED_TREEVIEW: BasePage$1 Parent: Root
2021-01-22 01:10:41,789 DEBUG Controller recv: OBJECT_SELECTED_TREEVIEW: BasePage$1 Parent: Root
2021-01-22 01:10:41,857 DEBUG TreeView recv: PAGE_TAB_CHANGE Key: Page$1
2021-01-22 01:10:41,860 DEBUG TV-add page: Node: key=Page$1 enum=E_PG_BOOT type=Page
2021-01-22 01:10:41,862 DEBUG PropManager: OBJECT_SELECTED_TREEVIEW: Page$1 Parent: Root
2021-01-22 01:10:41,862 DEBUG Controller recv: OBJECT_SELECTED_TREEVIEW: Page$1 Parent: Root
2021-01-22 01:10:41,881 DEBUG TreeView recv: PAGE_TAB_CHANGE Key: Page$2
2021-01-22 01:10:41,885 DEBUG TV-add page: Node: key=Page$2 enum=E_PG_HOME type=Page
2021-01-22 01:10:41,887 DEBUG PropManager: OBJECT_SELECTED_TREEVIEW: Page$2 Parent: Root
2021-01-22 01:10:41,887 DEBUG Controller recv: OBJECT_SELECTED_TREEVIEW: Page$2 Parent: Root
2021-01-22 01:10:41,992 DEBUG TreeView recv: PAGE_TAB_CHANGE Key: Page$3
2021-01-22 01:10:41,997 DEBUG TV-add page: Node: key=Page$3 enum=E_PG_MONITOR type=Page
2021-01-22 01:10:42,000 DEBUG PropManager: OBJECT_SELECTED_TREEVIEW: Page$3 Parent: Root
2021-01-22 01:10:42,000 DEBUG Controller recv: OBJECT_SELECTED_TREEVIEW: Page$3 Parent: Root
2021-01-22 01:10:42,390 DEBUG TreeView recv: PAGE_TAB_CHANGE Key: Page$4
2021-01-22 01:10:42,393 DEBUG TV-add page: Node: key=Page$4 enum=E_PG_SELECT_IC type=Page
2021-01-22 01:10:42,394 DEBUG PropManager: OBJECT_SELECTED_TREEVIEW: Page$4 Parent: Root
2021-01-22 01:10:42,394 DEBUG Controller recv: OBJECT_SELECTED_TREEVIEW: Page$4 Parent: Root
2021-01-22 01:10:42,410 DEBUG TreeView recv: PAGE_TAB_CHANGE Key: Page$5
2021-01-22 01:10:42,413 DEBUG TV-add page: Node: key=Page$5 enum=E_PG_SETTINGS_MAIN type=Page
2021-01-22 01:10:42,414 DEBUG PropManager: OBJECT_SELECTED_TREEVIEW: Page$5 Parent: Root
2021-01-22 01:10:42,414 DEBUG Controller recv: OBJECT_SELECTED_TREEVIEW: Page$5 Parent: Root
2021-01-22 01:10:42,434 DEBUG TreeView recv: PAGE_TAB_CHANGE Key: Page$6
2021-01-22 01:10:42,438 DEBUG TV-add page: Node: key=Page$6 enum=E_PG_SETTINGS_BMU type=Page
2021-01-22 01:10:42,439 DEBUG PropManager: OBJECT_SELECTED_TREEVIEW: Page$6 Parent: Root
2021-01-22 01:10:42,440 DEBUG Controller recv: OBJECT_SELECTED_TREEVIEW: Page$6 Parent: Root
2021-01-22 01:10:42,811 DEBUG TreeView recv: PAGE_TAB_CHANGE Key: Page$7
2021-01-22 01:10:42,814 DEBUG TV-add page: Node: key=Page$7 enum=E_PG_SETTINGS_BMS type=Page
2021-01-22 01:10:42,815 DEBUG PropManager: OBJECT_SELECTED_TREEVIEW: Page$7 Parent: Root
2021-01-22 01:10:42,815 DEBUG Controller recv: OBJECT_SELECTED_TREEVIEW: Page$7 Parent: Root
2021-01-22 01:10:42,829 DEBUG TreeView recv: PAGE_TAB_CHANGE Key: Page$8
2021-01-22 01:10:42,832 DEBUG TV-add page: Node: key=Page$8 enum=E_PG_SETTINGS_BALANCING type=Page
2021-01-22 01:10:42,834 DEBUG PropManager: OBJECT_SELECTED_TREEVIEW: Page$8 Parent: Root
2021-01-22 01:10:42,834 DEBUG Controller recv: OBJECT_SELECTED_TREEVIEW: Page$8 Parent: Root
2021-01-22 01:10:42,919 DEBUG PropManager: OBJECT_UNSELECT_PAGEPANE:  Parent: 
2021-01-22 01:10:42,919 DEBUG TreeView recv: OBJECT_UNSELECT_PAGEPANE:  Parent: 
2021-01-22 01:10:42,919 DEBUG PropManager: OBJECT_UNSELECT_TREEVIEW:  Parent: 
2021-01-22 01:10:42,919 DEBUG PagePane: OBJECT_UNSELECT_TREEVIEW:  Parent: 
2021-01-22 01:10:42,919 DEBUG PagePane: OBJECT_UNSELECT_TREEVIEW:  Parent: 
2021-01-22 01:10:42,920 DEBUG PagePane: OBJECT_UNSELECT_TREEVIEW:  Parent: 
2021-01-22 01:10:42,920 DEBUG PagePane: OBJECT_UNSELECT_TREEVIEW:  Parent: 
2021-01-22 01:10:42,920 DEBUG PagePane: OBJECT_UNSELECT_TREEVIEW:  Parent: 
2021-01-22 01:10:42,920 DEBUG PagePane: OBJECT_UNSELECT_TREEVIEW:  Parent: 
2021-01-22 01:10:42,920 DEBUG PagePane: OBJECT_UNSELECT_TREEVIEW:  Parent: 
2021-01-22 01:10:42,920 DEBUG PagePane: OBJECT_UNSELECT_TREEVIEW:  Parent: 
2021-01-22 01:10:42,920 DEBUG PagePane: OBJECT_UNSELECT_TREEVIEW:  Parent: 
2021-01-22 01:10:42,920 DEBUG PagePane: OBJECT_UNSELECT_TREEVIEW:  Parent: 
2021-01-22 01:10:42,920 DEBUG PagePane: OBJECT_UNSELECT_TREEVIEW:  Parent: 
2021-01-22 01:10:42,920 DEBUG PagePane: OBJECT_UNSELECT_TREEVIEW:  Parent: 
2021-01-22 01:10:42,920 DEBUG PagePane: OBJECT_UNSELECT_TREEVIEW:  Parent: 
2021-01-22 01:10:42,920 DEBUG PagePane: OBJECT_UNSELECT_TREEVIEW:  Parent: 
2021-01-22 01:10:42,920 DEBUG PagePane: OBJECT_UNSELECT_TREEVIEW:  Parent: 
2021-01-22 01:10:42,920 DEBUG PagePane: OBJECT_UNSELECT_TREEVIEW:  Parent: 
2021-01-22 01:10:42,920 DEBUG PagePane: OBJECT_UNSELECT_TREEVIEW:  Parent: 
2021-01-22 01:10:42,920 DEBUG PagePane: OBJECT_UNSELECT_TREEVIEW:  Parent: 
2021-01-22 01:10:42,920 DEBUG PagePane: OBJECT_UNSELECT_TREEVIEW:  Parent: 
2021-01-22 01:10:42,920 DEBUG PagePane: OBJECT_UNSELECT_TREEVIEW:  Parent: 
2021-01-22 01:10:42,921 DEBUG Opened Project File: projects.prj
2021-01-22 01:10:44,866 DEBUG PropManager: OBJECT_SELECTED_TREEVIEW: Page$8 Parent: Root
2021-01-22 01:10:44,866 DEBUG Controller recv: OBJECT_SELECTED_TREEVIEW: Page$8 Parent: Root
2021-01-22 01:10:46,412 DEBUG PropManager: OBJECT_SELECTED_TREEVIEW: Page$7 Parent: Root
2021-01-22 01:10:46,413 DEBUG Controller recv: OBJECT_SELECTED_TREEVIEW: Page$7 Parent: Root
2021-01-22 01:10:49,051 DEBUG PropManager: OBJECT_SELECTED_PAGEPANE: Page$7
2021-01-22 01:10:49,051 DEBUG TreeView recv: OBJECT_SELECTED_PAGEPANE: Page$7
2021-01-22 01:10:49,481 DEBUG PropManager: OBJECT_SELECTED_PAGEPANE: ListBox$2
2021-01-22 01:10:49,482 DEBUG TreeView recv: OBJECT_SELECTED_PAGEPANE: ListBox$2
2021-01-22 01:10:50,154 DEBUG PropManager: OBJECT_SELECTED_PAGEPANE: Page$7
2021-01-22 01:10:50,155 DEBUG TreeView recv: OBJECT_SELECTED_PAGEPANE: Page$7
2021-01-22 01:10:50,919 DEBUG PropManager: OBJECT_SELECTED_PAGEPANE: ListBox$2
2021-01-22 01:10:50,920 DEBUG TreeView recv: OBJECT_SELECTED_PAGEPANE: ListBox$2
2021-01-22 01:10:51,871 DEBUG PropManager: OBJECT_SELECTED_PAGEPANE: Page$7
2021-01-22 01:10:51,871 DEBUG TreeView recv: OBJECT_SELECTED_PAGEPANE: Page$7
2021-01-22 01:10:53,690 DEBUG Toolbar: spinner
2021-01-22 01:10:53,716 DEBUG Perform: Add to page:E_PG_SETTINGS_BMS widget: E_ELEM_SPINNER2
2021-01-22 01:10:56,755 DEBUG Perform: model: Spinner$2 Property: 'X' Changed from->147 to->145 row=2
2021-01-22 01:10:56,756 DEBUG Perform: model: Spinner$2 Property: 'Y' Changed from->60 to->60 row=3
2021-01-22 01:10:56,756 DEBUG Perform: Drag page:E_PG_SETTINGS_BMS widget:E_ELEM_SPINNER2
2021-01-22 01:10:57,341 DEBUG PropManager: OBJECT_SELECTED_PAGEPANE: Page$7
2021-01-22 01:10:57,341 DEBUG TreeView recv: OBJECT_SELECTED_PAGEPANE: Page$7
2021-01-22 01:11:03,761 DEBUG Toolbar: text
2021-01-22 01:11:03,784 DEBUG Perform: Add to page:E_PG_SETTINGS_BMS widget: E_ELEM_TEXT122
2021-01-22 01:11:05,715 DEBUG Perform: model: Text$122 Property: 'X' Changed from->33 to->30 row=2
2021-01-22 01:11:05,715 DEBUG Perform: model: Text$122 Property: 'Y' Changed from->69 to->65 row=3
2021-01-22 01:11:05,730 DEBUG Perform: Drag page:E_PG_SETTINGS_BMS widget:E_ELEM_TEXT122
2021-01-22 01:11:24,328 DEBUG Perform: model: Text$122 Property: 'Text' Changed from-> to->Number of BMUs: row=8
2021-01-22 01:11:26,634 DEBUG PropManager: OBJECT_SELECTED_PAGEPANE: Page$7
2021-01-22 01:11:26,634 DEBUG TreeView recv: OBJECT_SELECTED_PAGEPANE: Page$7
2021-01-22 01:11:28,852 DEBUG PropManager: OBJECT_SELECTED_PAGEPANE: Text$122
2021-01-22 01:11:28,853 DEBUG TreeView recv: OBJECT_SELECTED_PAGEPANE: Text$122
2021-01-22 01:11:29,479 DEBUG PropManager: OBJECT_SELECTED_PAGEPANE: ToggleButton$1
2021-01-22 01:11:29,479 DEBUG TreeView recv: OBJECT_SELECTED_PAGEPANE: ToggleButton$1
2021-01-22 01:11:30,900 DEBUG Perform: model: ToggleButton$1 Property: 'X' Changed from->258 to->255 row=2
2021-01-22 01:11:30,901 DEBUG Perform: model: ToggleButton$1 Property: 'Y' Changed from->34 to->30 row=3
2021-01-22 01:11:30,901 DEBUG Perform: Drag page:E_PG_SETTINGS_BMS widget:E_ELEM_TOGGLE1
2021-01-22 01:11:32,056 DEBUG Menu: delete
2021-01-22 01:11:33,175 DEBUG TV-delete: Node: key=Page$7 enum=null type=Page
2021-01-22 01:11:33,176 DEBUG PropManager: WIDGET_DELETE: ToggleButton$1 Parent: Page$7
2021-01-22 01:11:33,178 DEBUG Perform: Delete from page:E_PG_SETTINGS_BMS widget:E_ELEM_TOGGLE1
2021-01-22 01:11:34,245 DEBUG PropManager: OBJECT_SELECTED_PAGEPANE: Page$7
2021-01-22 01:11:34,245 DEBUG TreeView recv: OBJECT_SELECTED_PAGEPANE: Page$7
2021-01-22 01:11:34,831 DEBUG PropManager: OBJECT_SELECTED_PAGEPANE: Text$101
2021-01-22 01:11:34,832 DEBUG TreeView recv: OBJECT_SELECTED_PAGEPANE: Text$101
2021-01-22 01:11:35,324 DEBUG Menu: delete
2021-01-22 01:11:36,361 DEBUG TV-delete: Node: key=Page$7 enum=null type=Page
2021-01-22 01:11:36,362 DEBUG PropManager: WIDGET_DELETE: Text$101 Parent: Page$7
2021-01-22 01:11:36,363 DEBUG Perform: Delete from page:E_PG_SETTINGS_BMS widget:E_ELEM_TEXT101
2021-01-22 01:11:40,446 DEBUG Toolbar: text
2021-01-22 01:11:40,467 DEBUG Perform: Add to page:E_PG_SETTINGS_BMS widget: E_ELEM_TEXT123
2021-01-22 01:11:42,438 DEBUG Perform: model: Text$123 Property: 'X' Changed from->34 to->30 row=2
2021-01-22 01:11:42,439 DEBUG Perform: model: Text$123 Property: 'Y' Changed from->41 to->40 row=3
2021-01-22 01:11:42,439 DEBUG Perform: Drag page:E_PG_SETTINGS_BMS widget:E_ELEM_TEXT123
2021-01-22 01:11:52,555 DEBUG Perform: model: Text$123 Property: 'Text' Changed from-> to->Sleep timer row=8
2021-01-22 01:11:54,234 DEBUG PropManager: OBJECT_SELECTED_PAGEPANE: Page$7
2021-01-22 01:11:54,235 DEBUG TreeView recv: OBJECT_SELECTED_PAGEPANE: Page$7
2021-01-22 01:11:58,862 DEBUG PropManager: OBJECT_SELECTED_TREEVIEW: Page$6 Parent: Root
2021-01-22 01:11:58,863 DEBUG Controller recv: OBJECT_SELECTED_TREEVIEW: Page$6 Parent: Root
2021-01-22 01:12:00,386 DEBUG PropManager: OBJECT_SELECTED_TREEVIEW: Page$5 Parent: Root
2021-01-22 01:12:00,387 DEBUG Controller recv: OBJECT_SELECTED_TREEVIEW: Page$5 Parent: Root
2021-01-22 01:12:02,182 DEBUG PropManager: OBJECT_SELECTED_TREEVIEW: Page$4 Parent: Root
2021-01-22 01:12:02,182 DEBUG Controller recv: OBJECT_SELECTED_TREEVIEW: Page$4 Parent: Root
2021-01-22 01:12:06,768 DEBUG PropManager: OBJECT_SELECTED_TREEVIEW: Page$3 Parent: Root
2021-01-22 01:12:06,768 DEBUG Controller recv: OBJECT_SELECTED_TREEVIEW: Page$3 Parent: Root
2021-01-22 01:12:10,166 DEBUG PropManager: OBJECT_SELECTED_TREEVIEW: Page$2 Parent: Root
2021-01-22 01:12:10,166 DEBUG Controller recv: OBJECT_SELECTED_TREEVIEW: Page$2 Parent: Root
2021-01-22 01:12:16,230 DEBUG PropManager: OBJECT_SELECTED_TREEVIEW: Page$1 Parent: Root
2021-01-22 01:12:16,230 DEBUG Controller recv: OBJECT_SELECTED_TREEVIEW: Page$1 Parent: Root
2021-01-22 01:12:18,986 DEBUG PropManager: OBJECT_SELECTED_TREEVIEW: BasePage$1 Parent: Root
2021-01-22 01:12:18,986 DEBUG Controller recv: OBJECT_SELECTED_TREEVIEW: BasePage$1 Parent: Root
2021-01-22 01:12:20,644 DEBUG PropManager: OBJECT_SELECTED_TREEVIEW: Page$6 Parent: Root
2021-01-22 01:12:20,644 DEBUG Controller recv: OBJECT_SELECTED_TREEVIEW: Page$6 Parent: Root
2021-01-22 01:12:23,088 DEBUG PropManager: OBJECT_SELECTED_TREEVIEW: Page$7 Parent: Root
2021-01-22 01:12:23,088 DEBUG Controller recv: OBJECT_SELECTED_TREEVIEW: Page$7 Parent: Root
2021-01-22 01:12:24,220 DEBUG PropManager: OBJECT_SELECTED_TREEVIEW: Page$6 Parent: Root
2021-01-22 01:12:24,221 DEBUG Controller recv: OBJECT_SELECTED_TREEVIEW: Page$6 Parent: Root
2021-01-22 01:12:28,305 DEBUG PropManager: OBJECT_SELECTED_TREEVIEW: Page$7 Parent: Root
2021-01-22 01:12:28,306 DEBUG Controller recv: OBJECT_SELECTED_TREEVIEW: Page$7 Parent: Root
2021-01-22 01:12:30,956 DEBUG PropManager: OBJECT_SELECTED_TREEVIEW: Page$8 Parent: Root
2021-01-22 01:12:30,957 DEBUG Controller recv: OBJECT_SELECTED_TREEVIEW: Page$8 Parent: Root
2021-01-22 01:12:37,289 DEBUG Toolbar: text
2021-01-22 01:12:37,295 DEBUG Perform: Add to page:E_PG_SETTINGS_BALANCING widget: E_ELEM_TEXT124
2021-01-22 01:12:39,680 DEBUG Perform: model: Text$124 Property: 'X' Changed from->14 to->10 row=2
2021-01-22 01:12:39,681 DEBUG Perform: model: Text$124 Property: 'Y' Changed from->30 to->30 row=3
2021-01-22 01:12:39,681 DEBUG Perform: Drag page:E_PG_SETTINGS_BALANCING widget:E_ELEM_TEXT124
2021-01-22 01:12:45,878 DEBUG Perform: model: Text$124 Property: 'Text' Changed from-> to->TimeOut row=8
2021-01-22 01:12:47,796 DEBUG PropManager: OBJECT_SELECTED_PAGEPANE: Page$8
2021-01-22 01:12:47,797 DEBUG TreeView recv: OBJECT_SELECTED_PAGEPANE: Page$8
2021-01-22 01:12:56,562 DEBUG PropManager: OBJECT_SELECTED_PAGEPANE: Text$124
2021-01-22 01:12:56,563 DEBUG TreeView recv: OBJECT_SELECTED_PAGEPANE: Text$124
2021-01-22 01:13:03,433 DEBUG Perform: model: Text$124 Property: 'Text' Changed from->TimeOut to->TimeOut          : row=8
2021-01-22 01:13:03,529 DEBUG PropManager: OBJECT_SELECTED_PAGEPANE: Page$8
2021-01-22 01:13:03,529 DEBUG TreeView recv: OBJECT_SELECTED_PAGEPANE: Page$8
2021-01-22 01:13:04,430 DEBUG PropManager: OBJECT_SELECTED_PAGEPANE: Text$124
2021-01-22 01:13:04,431 DEBUG TreeView recv: OBJECT_SELECTED_PAGEPANE: Text$124
2021-01-22 01:13:07,277 DEBUG Perform: model: Text$124 Property: 'Text' Changed from->TimeOut          : to->TimeOut           : row=8
2021-01-22 01:13:07,389 DEBUG PropManager: OBJECT_SELECTED_PAGEPANE: Page$8
2021-01-22 01:13:07,389 DEBUG TreeView recv: OBJECT_SELECTED_PAGEPANE: Page$8
2021-01-22 01:13:17,524 DEBUG Toolbar: numinput
2021-01-22 01:13:17,545 DEBUG Perform: Add to page:E_PG_SETTINGS_BALANCING widget: E_ELEM_NUMINPUT8
2021-01-22 01:13:19,929 DEBUG Perform: model: NumberInput$8 Property: 'X' Changed from->139 to->135 row=2
2021-01-22 01:13:19,929 DEBUG Perform: model: NumberInput$8 Property: 'Y' Changed from->29 to->25 row=3
2021-01-22 01:13:19,929 DEBUG Perform: Drag page:E_PG_SETTINGS_BALANCING widget:E_ELEM_NUMINPUT8
2021-01-22 01:13:20,476 DEBUG PropManager: OBJECT_SELECTED_PAGEPANE: Page$8
2021-01-22 01:13:20,477 DEBUG TreeView recv: OBJECT_SELECTED_PAGEPANE: Page$8
2021-01-22 01:13:21,000 DEBUG PropManager: OBJECT_SELECTED_PAGEPANE: NumberInput$8
2021-01-22 01:13:21,001 DEBUG TreeView recv: OBJECT_SELECTED_PAGEPANE: NumberInput$8
2021-01-22 01:13:21,930 DEBUG Perform: model: NumberInput$8 Property: 'X' Changed from->135 to->135 row=2
2021-01-22 01:13:21,930 DEBUG Perform: model: NumberInput$8 Property: 'Y' Changed from->31 to->30 row=3
2021-01-22 01:13:21,931 DEBUG Perform: Drag page:E_PG_SETTINGS_BALANCING widget:E_ELEM_NUMINPUT8
2021-01-22 01:13:22,516 DEBUG PropManager: OBJECT_SELECTED_PAGEPANE: Page$8
2021-01-22 01:13:22,517 DEBUG TreeView recv: OBJECT_SELECTED_PAGEPANE: Page$8
2021-01-22 01:13:28,264 DEBUG Toolbar: text
2021-01-22 01:13:28,282 DEBUG Perform: Add to page:E_PG_SETTINGS_BALANCING widget: E_ELEM_TEXT125
2021-01-22 01:13:29,951 DEBUG Perform: model: Text$125 Property: 'X' Changed from->194 to->190 row=2
2021-01-22 01:13:29,951 DEBUG Perform: model: Text$125 Property: 'Y' Changed from->32 to->30 row=3
2021-01-22 01:13:29,951 DEBUG Perform: Drag page:E_PG_SETTINGS_BALANCING widget:E_ELEM_TEXT125
2021-01-22 01:13:30,578 DEBUG PropManager: OBJECT_SELECTED_PAGEPANE: Page$8
2021-01-22 01:13:30,580 DEBUG TreeView recv: OBJECT_SELECTED_PAGEPANE: Page$8
2021-01-22 01:13:31,296 DEBUG PropManager: OBJECT_SELECTED_PAGEPANE: Text$125
2021-01-22 01:13:31,297 DEBUG TreeView recv: OBJECT_SELECTED_PAGEPANE: Text$125
2021-01-22 01:13:39,957 DEBUG Perform: model: Text$125 Property: 'Text' Changed from-> to->min row=8
2021-01-22 01:13:48,014 DEBUG Perform: model: Text$125 Property: 'Text' Changed from->min to->s row=8
2021-01-22 01:13:50,229 DEBUG PropManager: OBJECT_SELECTED_PAGEPANE: Page$8
2021-01-22 01:13:50,230 DEBUG TreeView recv: OBJECT_SELECTED_PAGEPANE: Page$8
2021-01-22 02:31:07,717 DEBUG Builder exit
2021-01-22 15:28:09,596 DEBUG Builder ver: 0.16.b004 started java ver: 14.0 osys: linux
2021-01-22 15:28:09,693 DEBUG FontFactory Initialized
2021-01-22 15:28:10,307 DEBUG TV-add page: Node: key=Project$1 enum=E_PROJECT_OPTIONS type=Project
2021-01-22 15:28:10,316 DEBUG PropManager: OBJECT_SELECTED_TREEVIEW: Project$1 Parent: Root
2021-01-22 15:28:10,316 DEBUG Controller recv: OBJECT_SELECTED_TREEVIEW: Project$1 Parent: Root
2021-01-22 15:28:10,318 DEBUG TreeView recv: PAGE_TAB_CHANGE Key: Page$1
2021-01-22 15:28:10,321 DEBUG TV-add page: Node: key=Page$1 enum=E_PG_MAIN type=Page
2021-01-22 15:28:10,323 DEBUG PropManager: OBJECT_SELECTED_TREEVIEW: Page$1 Parent: Root
2021-01-22 15:28:10,323 DEBUG Controller recv: OBJECT_SELECTED_TREEVIEW: Page$1 Parent: Root
2021-01-22 15:28:10,323 DEBUG New Project
2021-01-22 15:28:14,218 DEBUG Toolbar: open
2021-01-22 15:28:15,726 DEBUG Open Project: projects.prj Started
2021-01-22 15:28:15,775 DEBUG TV-add page: Node: key=Project$1 enum=E_PROJECT_OPTIONS type=Project
2021-01-22 15:28:15,779 DEBUG PropManager: OBJECT_SELECTED_TREEVIEW: Project$1 Parent: Root
2021-01-22 15:28:15,779 DEBUG Controller recv: OBJECT_SELECTED_TREEVIEW: Project$1 Parent: Root
2021-01-22 15:28:15,780 DEBUG TreeView recv: PAGE_TAB_CHANGE Key: BasePage$1
2021-01-22 15:28:15,784 DEBUG TV-add page: Node: key=BasePage$1 enum=E_PG_BASE type=BasePage
2021-01-22 15:28:15,786 DEBUG PropManager: OBJECT_SELECTED_TREEVIEW: BasePage$1 Parent: Root
2021-01-22 15:28:15,786 DEBUG Controller recv: OBJECT_SELECTED_TREEVIEW: BasePage$1 Parent: Root
2021-01-22 15:28:15,852 DEBUG TreeView recv: PAGE_TAB_CHANGE Key: Page$1
2021-01-22 15:28:15,855 DEBUG TV-add page: Node: key=Page$1 enum=E_PG_BOOT type=Page
2021-01-22 15:28:15,857 DEBUG PropManager: OBJECT_SELECTED_TREEVIEW: Page$1 Parent: Root
2021-01-22 15:28:15,857 DEBUG Controller recv: OBJECT_SELECTED_TREEVIEW: Page$1 Parent: Root
2021-01-22 15:28:15,876 DEBUG TreeView recv: PAGE_TAB_CHANGE Key: Page$2
2021-01-22 15:28:15,880 DEBUG TV-add page: Node: key=Page$2 enum=E_PG_HOME type=Page
2021-01-22 15:28:15,882 DEBUG PropManager: OBJECT_SELECTED_TREEVIEW: Page$2 Parent: Root
2021-01-22 15:28:15,882 DEBUG Controller recv: OBJECT_SELECTED_TREEVIEW: Page$2 Parent: Root
2021-01-22 15:28:15,964 DEBUG TreeView recv: PAGE_TAB_CHANGE Key: Page$3
2021-01-22 15:28:15,967 DEBUG TV-add page: Node: key=Page$3 enum=E_PG_MONITOR type=Page
2021-01-22 15:28:15,969 DEBUG PropManager: OBJECT_SELECTED_TREEVIEW: Page$3 Parent: Root
2021-01-22 15:28:15,969 DEBUG Controller recv: OBJECT_SELECTED_TREEVIEW: Page$3 Parent: Root
2021-01-22 15:28:16,387 DEBUG TreeView recv: PAGE_TAB_CHANGE Key: Page$4
2021-01-22 15:28:16,390 DEBUG TV-add page: Node: key=Page$4 enum=E_PG_SELECT_IC type=Page
2021-01-22 15:28:16,391 DEBUG PropManager: OBJECT_SELECTED_TREEVIEW: Page$4 Parent: Root
2021-01-22 15:28:16,391 DEBUG Controller recv: OBJECT_SELECTED_TREEVIEW: Page$4 Parent: Root
2021-01-22 15:28:16,406 DEBUG TreeView recv: PAGE_TAB_CHANGE Key: Page$5
2021-01-22 15:28:16,409 DEBUG TV-add page: Node: key=Page$5 enum=E_PG_SETTINGS_MAIN type=Page
2021-01-22 15:28:16,410 DEBUG PropManager: OBJECT_SELECTED_TREEVIEW: Page$5 Parent: Root
2021-01-22 15:28:16,411 DEBUG Controller recv: OBJECT_SELECTED_TREEVIEW: Page$5 Parent: Root
2021-01-22 15:28:16,429 DEBUG TreeView recv: PAGE_TAB_CHANGE Key: Page$6
2021-01-22 15:28:16,433 DEBUG TV-add page: Node: key=Page$6 enum=E_PG_SETTINGS_BMU type=Page
2021-01-22 15:28:16,434 DEBUG PropManager: OBJECT_SELECTED_TREEVIEW: Page$6 Parent: Root
2021-01-22 15:28:16,434 DEBUG Controller recv: OBJECT_SELECTED_TREEVIEW: Page$6 Parent: Root
2021-01-22 15:28:16,734 DEBUG TreeView recv: PAGE_TAB_CHANGE Key: Page$7
2021-01-22 15:28:16,743 DEBUG TV-add page: Node: key=Page$7 enum=E_PG_SETTINGS_BMS type=Page
2021-01-22 15:28:16,745 DEBUG PropManager: OBJECT_SELECTED_TREEVIEW: Page$7 Parent: Root
2021-01-22 15:28:16,745 DEBUG Controller recv: OBJECT_SELECTED_TREEVIEW: Page$7 Parent: Root
2021-01-22 15:28:16,768 DEBUG TreeView recv: PAGE_TAB_CHANGE Key: Page$8
2021-01-22 15:28:16,772 DEBUG TV-add page: Node: key=Page$8 enum=E_PG_SETTINGS_BALANCING type=Page
2021-01-22 15:28:16,773 DEBUG PropManager: OBJECT_SELECTED_TREEVIEW: Page$8 Parent: Root
2021-01-22 15:28:16,774 DEBUG Controller recv: OBJECT_SELECTED_TREEVIEW: Page$8 Parent: Root
2021-01-22 15:28:16,888 DEBUG PropManager: OBJECT_UNSELECT_PAGEPANE:  Parent: 
2021-01-22 15:28:16,888 DEBUG TreeView recv: OBJECT_UNSELECT_PAGEPANE:  Parent: 
2021-01-22 15:28:16,888 DEBUG PropManager: OBJECT_UNSELECT_TREEVIEW:  Parent: 
2021-01-22 15:28:16,888 DEBUG PagePane: OBJECT_UNSELECT_TREEVIEW:  Parent: 
2021-01-22 15:28:16,889 DEBUG PagePane: OBJECT_UNSELECT_TREEVIEW:  Parent: 
2021-01-22 15:28:16,889 DEBUG PagePane: OBJECT_UNSELECT_TREEVIEW:  Parent: 
2021-01-22 15:28:16,889 DEBUG PagePane: OBJECT_UNSELECT_TREEVIEW:  Parent: 
2021-01-22 15:28:16,889 DEBUG PagePane: OBJECT_UNSELECT_TREEVIEW:  Parent: 
2021-01-22 15:28:16,889 DEBUG PagePane: OBJECT_UNSELECT_TREEVIEW:  Parent: 
2021-01-22 15:28:16,889 DEBUG PagePane: OBJECT_UNSELECT_TREEVIEW:  Parent: 
2021-01-22 15:28:16,889 DEBUG PagePane: OBJECT_UNSELECT_TREEVIEW:  Parent: 
2021-01-22 15:28:16,889 DEBUG PagePane: OBJECT_UNSELECT_TREEVIEW:  Parent: 
2021-01-22 15:28:16,889 DEBUG PagePane: OBJECT_UNSELECT_TREEVIEW:  Parent: 
2021-01-22 15:28:16,889 DEBUG PagePane: OBJECT_UNSELECT_TREEVIEW:  Parent: 
2021-01-22 15:28:16,889 DEBUG PagePane: OBJECT_UNSELECT_TREEVIEW:  Parent: 
2021-01-22 15:28:16,889 DEBUG PagePane: OBJECT_UNSELECT_TREEVIEW:  Parent: 
2021-01-22 15:28:16,889 DEBUG PagePane: OBJECT_UNSELECT_TREEVIEW:  Parent: 
2021-01-22 15:28:16,889 DEBUG PagePane: OBJECT_UNSELECT_TREEVIEW:  Parent: 
2021-01-22 15:28:16,889 DEBUG PagePane: OBJECT_UNSELECT_TREEVIEW:  Parent: 
2021-01-22 15:28:16,889 DEBUG PagePane: OBJECT_UNSELECT_TREEVIEW:  Parent: 
2021-01-22 15:28:16,889 DEBUG PagePane: OBJECT_UNSELECT_TREEVIEW:  Parent: 
2021-01-22 15:28:16,889 DEBUG PagePane: OBJECT_UNSELECT_TREEVIEW:  Parent: 
2021-01-22 15:28:16,890 DEBUG PagePane: OBJECT_UNSELECT_TREEVIEW:  Parent: 
2021-01-22 15:28:16,891 DEBUG Opened Project File: projects.prj
2021-01-22 15:29:56,716 DEBUG PropManager: OBJECT_SELECTED_PAGEPANE: Text$3
2021-01-22 15:29:56,717 DEBUG TreeView recv: OBJECT_SELECTED_PAGEPANE: Text$3
2021-01-22 15:29:58,558 DEBUG PropManager: OBJECT_SELECTED_PAGEPANE: Text$5
2021-01-22 15:29:58,559 DEBUG TreeView recv: OBJECT_SELECTED_PAGEPANE: Text$5
2021-01-22 15:29:59,137 DEBUG PropManager: OBJECT_SELECTED_PAGEPANE: Page$2
2021-01-22 15:29:59,137 DEBUG TreeView recv: OBJECT_SELECTED_PAGEPANE: Page$2
2021-01-22 15:30:00,714 DEBUG PropManager: OBJECT_SELECTED_PAGEPANE: Page$2
2021-01-22 15:30:00,715 DEBUG TreeView recv: OBJECT_SELECTED_PAGEPANE: Page$2
2021-01-22 15:30:03,998 DEBUG PropManager: OBJECT_SELECTED_TREEVIEW: Page$3 Parent: Root
2021-01-22 15:30:03,998 DEBUG Controller recv: OBJECT_SELECTED_TREEVIEW: Page$3 Parent: Root
2021-01-22 15:30:05,589 DEBUG PropManager: OBJECT_SELECTED_PAGEPANE: Text$90
2021-01-22 15:30:05,590 DEBUG TreeView recv: OBJECT_SELECTED_PAGEPANE: Text$90
2021-01-22 15:30:14,466 DEBUG PropManager: OBJECT_SELECTED_TREEVIEW: Page$3 Parent: Root
2021-01-22 15:30:14,466 DEBUG Controller recv: OBJECT_SELECTED_TREEVIEW: Page$3 Parent: Root
2021-01-22 15:30:15,448 DEBUG PropManager: OBJECT_SELECTED_TREEVIEW: Page$4 Parent: Root
2021-01-22 15:30:15,448 DEBUG Controller recv: OBJECT_SELECTED_TREEVIEW: Page$4 Parent: Root
2021-01-22 15:30:16,356 DEBUG PropManager: OBJECT_SELECTED_TREEVIEW: Page$5 Parent: Root
2021-01-22 15:30:16,356 DEBUG Controller recv: OBJECT_SELECTED_TREEVIEW: Page$5 Parent: Root
2021-01-22 15:30:17,614 DEBUG PropManager: OBJECT_SELECTED_TREEVIEW: Page$6 Parent: Root
2021-01-22 15:30:17,614 DEBUG Controller recv: OBJECT_SELECTED_TREEVIEW: Page$6 Parent: Root
2021-01-22 15:30:19,192 DEBUG PropManager: OBJECT_SELECTED_TREEVIEW: Page$7 Parent: Root
2021-01-22 15:30:19,192 DEBUG Controller recv: OBJECT_SELECTED_TREEVIEW: Page$7 Parent: Root
2021-01-22 15:30:20,826 DEBUG PropManager: OBJECT_SELECTED_TREEVIEW: Page$8 Parent: Root
2021-01-22 15:30:20,826 DEBUG Controller recv: OBJECT_SELECTED_TREEVIEW: Page$8 Parent: Root
2021-01-22 15:30:22,293 DEBUG PropManager: OBJECT_SELECTED_PAGEPANE: Page$8
2021-01-22 15:30:22,293 DEBUG TreeView recv: OBJECT_SELECTED_PAGEPANE: Page$8
2021-01-22 15:30:25,550 DEBUG PropManager: OBJECT_SELECTED_PAGEPANE: Page$8
2021-01-22 15:30:25,551 DEBUG TreeView recv: OBJECT_SELECTED_PAGEPANE: Page$8
2021-01-22 15:30:26,394 DEBUG PropManager: OBJECT_SELECTED_PAGEPANE: Text$104
2021-01-22 15:30:26,395 DEBUG TreeView recv: OBJECT_SELECTED_PAGEPANE: Text$104
2021-01-22 15:30:27,919 DEBUG Menu: copy
2021-01-22 15:30:27,929 DEBUG Perform: Copy Widgets: E_ELEM_TEXT104
2021-01-22 15:30:28,139 DEBUG Menu: paste
2021-01-22 15:30:28,177 DEBUG Perform: Paste Widgets on page:E_PG_SETTINGS_BALANCING
2021-01-22 15:30:30,412 DEBUG Perform: model: Text$122 Property: 'X' Changed from->9 to->5 row=2
2021-01-22 15:30:30,412 DEBUG Perform: model: Text$122 Property: 'Y' Changed from->30 to->30 row=3
2021-01-22 15:30:30,412 DEBUG Perform: Drag page:E_PG_SETTINGS_BALANCING widget:E_ELEM_TEXT122
2021-01-22 15:30:31,785 DEBUG PropManager: OBJECT_SELECTED_PAGEPANE: Page$8
2021-01-22 15:30:31,785 DEBUG TreeView recv: OBJECT_SELECTED_PAGEPANE: Page$8
2021-01-22 15:30:32,582 DEBUG PropManager: OBJECT_SELECTED_PAGEPANE: Text$122
2021-01-22 15:30:32,583 DEBUG TreeView recv: OBJECT_SELECTED_PAGEPANE: Text$122
2021-01-22 15:30:34,082 DEBUG Perform: model: Text$122 Property: 'X' Changed from->15 to->15 row=2
2021-01-22 15:30:34,083 DEBUG Perform: model: Text$122 Property: 'Y' Changed from->30 to->30 row=3
2021-01-22 15:30:34,083 DEBUG Perform: Drag page:E_PG_SETTINGS_BALANCING widget:E_ELEM_TEXT122
2021-01-22 15:30:36,177 DEBUG Perform: model: Text$122 Property: 'X' Changed from->10 to->10 row=2
2021-01-22 15:30:36,177 DEBUG Perform: model: Text$122 Property: 'Y' Changed from->30 to->30 row=3
2021-01-22 15:30:36,178 DEBUG Perform: Drag page:E_PG_SETTINGS_BALANCING widget:E_ELEM_TEXT122
2021-01-22 15:30:37,513 DEBUG PropManager: OBJECT_SELECTED_PAGEPANE: Page$8
2021-01-22 15:30:37,513 DEBUG TreeView recv: OBJECT_SELECTED_PAGEPANE: Page$8
2021-01-22 15:30:38,239 DEBUG PropManager: OBJECT_SELECTED_PAGEPANE: Page$8
2021-01-22 15:30:38,239 DEBUG TreeView recv: OBJECT_SELECTED_PAGEPANE: Page$8
2021-01-22 15:30:38,809 DEBUG PropManager: OBJECT_SELECTED_PAGEPANE: Text$122
2021-01-22 15:30:38,809 DEBUG TreeView recv: OBJECT_SELECTED_PAGEPANE: Text$122
2021-01-22 15:30:48,428 DEBUG Perform: model: Text$122 Property: 'Text' Changed from->Over Voltage      : to->Timeout     : row=8
2021-01-22 15:30:49,715 DEBUG PropManager: OBJECT_SELECTED_PAGEPANE: Page$8
2021-01-22 15:30:49,715 DEBUG TreeView recv: OBJECT_SELECTED_PAGEPANE: Page$8
2021-01-22 15:30:50,341 DEBUG PropManager: OBJECT_SELECTED_PAGEPANE: Text$122
2021-01-22 15:30:50,341 DEBUG TreeView recv: OBJECT_SELECTED_PAGEPANE: Text$122
2021-01-22 15:30:55,448 DEBUG Perform: model: Text$122 Property: 'Text' Changed from->Timeout     : to->Timeout          : row=8
2021-01-22 15:30:55,558 DEBUG PropManager: OBJECT_SELECTED_PAGEPANE: Page$8
2021-01-22 15:30:55,558 DEBUG TreeView recv: OBJECT_SELECTED_PAGEPANE: Page$8
2021-01-22 15:30:56,215 DEBUG PropManager: OBJECT_SELECTED_PAGEPANE: TextButton$20
2021-01-22 15:30:56,216 DEBUG TreeView recv: OBJECT_SELECTED_PAGEPANE: TextButton$20
2021-01-22 15:30:56,683 DEBUG PropManager: OBJECT_SELECTED_PAGEPANE: Text$122
2021-01-22 15:30:56,683 DEBUG TreeView recv: OBJECT_SELECTED_PAGEPANE: Text$122
2021-01-22 15:30:59,639 DEBUG Perform: model: Text$122 Property: 'Text' Changed from->Timeout          : to->Timeout           : row=8
2021-01-22 15:30:59,752 DEBUG PropManager: OBJECT_SELECTED_PAGEPANE: Page$8
2021-01-22 15:30:59,753 DEBUG TreeView recv: OBJECT_SELECTED_PAGEPANE: Page$8
2021-01-22 15:31:00,946 DEBUG Menu: save
2021-01-22 15:31:00,989 DEBUG Saved Project into projects.prj
