2021-02-09 17:07:05,209 DEBUG PropManager: OBJECT_SELECTED_TREEVIEW: Page$7 Parent: Root
2021-02-09 17:07:05,247 DEBUG Controller recv: OBJECT_SELECTED_TREEVIEW: Page$7 Parent: Root
2021-02-09 17:07:06,193 DEBUG PropManager: OBJECT_SELECTED_TREEVIEW: Page$8 Parent: Root
2021-02-09 17:07:06,193 DEBUG Controller recv: OBJECT_SELECTED_TREEVIEW: Page$8 Parent: Root
2021-02-09 17:07:07,593 DEBUG PropManager: OBJECT_SELECTED_PAGEPANE: Page$8
2021-02-09 17:07:07,593 DEBUG TreeView recv: OBJECT_SELECTED_PAGEPANE: Page$8
2021-02-09 17:07:11,629 DEBUG Toolbar: text
2021-02-09 17:07:11,650 DEBUG Perform: Add to page:E_PG_SETTINGS_BALANCING widget: E_ELEM_TEXT137
2021-02-09 17:07:19,169 DEBUG PropManager: OBJECT_SELECTED_PAGEPANE: Page$8
2021-02-09 17:07:19,172 DEBUG TreeView recv: OBJECT_SELECTED_PAGEPANE: Page$8
2021-02-09 17:07:19,755 DEBUG PropManager: OBJECT_SELECTED_PAGEPANE: Page$8
2021-02-09 17:07:19,755 DEBUG TreeView recv: OBJECT_SELECTED_PAGEPANE: Page$8
2021-02-09 17:07:22,771 DEBUG PropManager: OBJECT_SELECTED_TREEVIEW: Text$137 Parent: Page$8
2021-02-09 17:07:22,771 DEBUG Controller recv: OBJECT_SELECTED_TREEVIEW: Text$137 Parent: Page$8
2021-02-09 17:07:22,772 DEBUG PagePane: OBJECT_SELECTED_TREEVIEW: Text$137 Parent: Page$8
2021-02-09 17:07:22,772 DEBUG PagePane: OBJECT_SELECTED_TREEVIEW: Text$137 Parent: Page$8
2021-02-09 17:07:33,134 DEBUG Perform: model: Text$137 Property: 'Y' Changed from->10 to->20 row=3
2021-02-09 17:07:36,138 DEBUG Perform: model: Text$137 Property: 'X' Changed from->138 to->135 row=2
2021-02-09 17:07:36,138 DEBUG Perform: model: Text$137 Property: 'Y' Changed from->171 to->170 row=3
2021-02-09 17:07:36,138 DEBUG Perform: Drag page:E_PG_SETTINGS_BALANCING widget:E_ELEM_TEXT137
2021-02-09 17:07:40,884 DEBUG Perform: model: Text$137 Property: 'Text Color' Changed from->java.awt.Color[r=255,g=255,b=0] to->java.awt.Color[r=0,g=255,b=255] row=16
2021-02-09 17:07:41,692 DEBUG PropManager: OBJECT_SELECTED_PAGEPANE: Page$8
2021-02-09 17:07:41,693 DEBUG TreeView recv: OBJECT_SELECTED_PAGEPANE: Page$8
2021-02-09 17:07:42,583 DEBUG PropManager: OBJECT_SELECTED_PAGEPANE: Text$137
2021-02-09 17:07:42,583 DEBUG TreeView recv: OBJECT_SELECTED_PAGEPANE: Text$137
2021-02-09 17:07:50,452 DEBUG Perform: model: Text$137 Property: 'External Storage Size' Changed from->0 to->40 row=10
2021-02-09 17:07:52,194 DEBUG Perform: model: Text$137 Property: 'UTF-8?' Changed from->false to->true row=9
2021-02-09 17:07:54,492 DEBUG Perform: model: Text$137 Property: 'External Storage Size' Changed from->40 to->30 row=10
2021-02-09 17:07:55,927 DEBUG Perform: model: Text$137 Property: 'UTF-8?' Changed from->true to->false row=9
2021-02-09 17:07:56,551 DEBUG PropManager: OBJECT_SELECTED_PAGEPANE: Page$8
2021-02-09 17:07:56,551 DEBUG TreeView recv: OBJECT_SELECTED_PAGEPANE: Page$8
2021-02-09 17:07:57,772 DEBUG PropManager: OBJECT_SELECTED_PAGEPANE: Text$137
2021-02-09 17:07:57,772 DEBUG TreeView recv: OBJECT_SELECTED_PAGEPANE: Text$137
2021-02-09 17:07:58,277 DEBUG PropManager: OBJECT_SELECTED_PAGEPANE: Page$8
2021-02-09 17:07:58,278 DEBUG TreeView recv: OBJECT_SELECTED_PAGEPANE: Page$8
2021-02-09 17:07:58,608 DEBUG Menu: save
2021-02-09 17:07:58,625 DEBUG Saved Project into projects.prj
2021-02-09 17:07:59,887 DEBUG PropManager: OBJECT_SELECTED_PAGEPANE: Text$137
2021-02-09 17:07:59,887 DEBUG TreeView recv: OBJECT_SELECTED_PAGEPANE: Text$137
2021-02-09 17:08:16,113 DEBUG PropManager: OBJECT_SELECTED_PAGEPANE: Text$137
2021-02-09 17:08:16,113 DEBUG TreeView recv: OBJECT_SELECTED_PAGEPANE: Text$137
2021-02-09 17:08:32,047 DEBUG Perform: model: Text$137 Property: 'ElementRef' Changed from->m_pElemOutTxt137 to->m_pElemOutTxt_BalancingStatus row=6
2021-02-09 17:08:32,153 DEBUG PropManager: OBJECT_SELECTED_PAGEPANE: Page$8
2021-02-09 17:08:32,153 DEBUG TreeView recv: OBJECT_SELECTED_PAGEPANE: Page$8
2021-02-09 17:08:33,364 DEBUG PropManager: OBJECT_SELECTED_PAGEPANE: Text$137
2021-02-09 17:08:33,365 DEBUG TreeView recv: OBJECT_SELECTED_PAGEPANE: Text$137
2021-02-09 17:08:34,191 DEBUG PropManager: OBJECT_SELECTED_PAGEPANE: Page$8
2021-02-09 17:08:34,191 DEBUG TreeView recv: OBJECT_SELECTED_PAGEPANE: Page$8
2021-02-09 17:08:34,646 DEBUG Menu: save
2021-02-09 17:08:34,660 DEBUG Saved Project into projects.prj
2021-02-09 17:08:35,794 DEBUG Toolbar: save
2021-02-09 17:08:35,803 DEBUG Saved Project into projects.prj
2021-02-09 17:08:36,777 DEBUG Toolbar: generateCode
2021-02-09 17:23:43,611 DEBUG PropManager: OBJECT_SELECTED_PAGEPANE: Text$137
2021-02-09 17:23:43,612 DEBUG TreeView recv: OBJECT_SELECTED_PAGEPANE: Text$137
2021-02-09 17:23:44,423 DEBUG PropManager: OBJECT_SELECTED_PAGEPANE: Page$8
2021-02-09 17:23:44,424 DEBUG TreeView recv: OBJECT_SELECTED_PAGEPANE: Page$8
2021-02-09 17:30:06,944 DEBUG PropManager: OBJECT_SELECTED_PAGEPANE: Page$8
2021-02-09 17:30:06,944 DEBUG TreeView recv: OBJECT_SELECTED_PAGEPANE: Page$8
2021-02-09 17:30:07,569 DEBUG PropManager: OBJECT_SELECTED_PAGEPANE: Text$137
2021-02-09 17:30:07,570 DEBUG TreeView recv: OBJECT_SELECTED_PAGEPANE: Text$137
2021-02-09 18:01:23,058 DEBUG PropManager: OBJECT_SELECTED_TREEVIEW: Page$8 Parent: Root
2021-02-09 18:01:23,058 DEBUG Controller recv: OBJECT_SELECTED_TREEVIEW: Page$8 Parent: Root
2021-02-09 18:01:24,194 DEBUG PropManager: OBJECT_UNSELECT_TREEVIEW:  Parent: Page$8
2021-02-09 18:01:24,194 DEBUG PagePane: OBJECT_UNSELECT_TREEVIEW:  Parent: Page$8
2021-02-09 18:01:24,194 DEBUG PagePane: OBJECT_UNSELECT_TREEVIEW:  Parent: Page$8
2021-02-09 18:01:24,194 DEBUG PagePane: OBJECT_UNSELECT_TREEVIEW:  Parent: Page$8
2021-02-09 18:01:24,194 DEBUG PagePane: OBJECT_UNSELECT_TREEVIEW:  Parent: Page$8
2021-02-09 18:01:24,194 DEBUG PagePane: OBJECT_UNSELECT_TREEVIEW:  Parent: Page$8
2021-02-09 18:01:24,194 DEBUG PagePane: OBJECT_UNSELECT_TREEVIEW:  Parent: Page$8
2021-02-09 18:01:24,194 DEBUG PagePane: OBJECT_UNSELECT_TREEVIEW:  Parent: Page$8
2021-02-09 18:01:24,194 DEBUG PagePane: OBJECT_UNSELECT_TREEVIEW:  Parent: Page$8
2021-02-09 18:01:24,194 DEBUG PagePane: OBJECT_UNSELECT_TREEVIEW:  Parent: Page$8
2021-02-09 18:01:24,194 DEBUG PagePane: OBJECT_UNSELECT_TREEVIEW:  Parent: Page$8
2021-02-09 18:01:24,194 DEBUG PagePane: OBJECT_UNSELECT_TREEVIEW:  Parent: Page$8
2021-02-09 18:01:24,194 DEBUG PagePane: OBJECT_UNSELECT_TREEVIEW:  Parent: Page$8
2021-02-09 18:01:24,194 DEBUG PagePane: OBJECT_UNSELECT_TREEVIEW:  Parent: Page$8
2021-02-09 18:01:24,194 DEBUG PagePane: OBJECT_UNSELECT_TREEVIEW:  Parent: Page$8
2021-02-09 18:01:24,194 DEBUG PagePane: OBJECT_UNSELECT_TREEVIEW:  Parent: Page$8
2021-02-09 18:01:24,194 DEBUG PagePane: OBJECT_UNSELECT_TREEVIEW:  Parent: Page$8
2021-02-09 18:01:24,194 DEBUG PagePane: OBJECT_UNSELECT_TREEVIEW:  Parent: Page$8
2021-02-09 18:01:24,194 DEBUG PagePane: OBJECT_UNSELECT_TREEVIEW:  Parent: Page$8
2021-02-09 18:01:24,194 DEBUG PagePane: OBJECT_UNSELECT_TREEVIEW:  Parent: Page$8
2021-02-09 18:01:24,194 DEBUG PagePane: OBJECT_UNSELECT_TREEVIEW:  Parent: Page$8
2021-02-09 18:01:24,742 DEBUG PropManager: OBJECT_SELECTED_TREEVIEW: Page$8 Parent: Root
2021-02-09 18:01:24,742 DEBUG Controller recv: OBJECT_SELECTED_TREEVIEW: Page$8 Parent: Root
2021-02-09 18:01:25,165 DEBUG PropManager: OBJECT_SELECTED_TREEVIEW: Page$7 Parent: Root
2021-02-09 18:01:25,165 DEBUG Controller recv: OBJECT_SELECTED_TREEVIEW: Page$7 Parent: Root
2021-02-09 18:01:25,734 DEBUG PropManager: OBJECT_UNSELECT_TREEVIEW:  Parent: Page$8
2021-02-09 18:01:25,734 DEBUG PagePane: OBJECT_UNSELECT_TREEVIEW:  Parent: Page$8
2021-02-09 18:01:25,734 DEBUG PagePane: OBJECT_UNSELECT_TREEVIEW:  Parent: Page$8
2021-02-09 18:01:25,734 DEBUG PagePane: OBJECT_UNSELECT_TREEVIEW:  Parent: Page$8
2021-02-09 18:01:25,734 DEBUG PagePane: OBJECT_UNSELECT_TREEVIEW:  Parent: Page$8
2021-02-09 18:01:25,734 DEBUG PagePane: OBJECT_UNSELECT_TREEVIEW:  Parent: Page$8
2021-02-09 18:01:25,734 DEBUG PagePane: OBJECT_UNSELECT_TREEVIEW:  Parent: Page$8
2021-02-09 18:01:25,734 DEBUG PagePane: OBJECT_UNSELECT_TREEVIEW:  Parent: Page$8
2021-02-09 18:01:25,734 DEBUG PagePane: OBJECT_UNSELECT_TREEVIEW:  Parent: Page$8
2021-02-09 18:01:25,734 DEBUG PagePane: OBJECT_UNSELECT_TREEVIEW:  Parent: Page$8
2021-02-09 18:01:25,734 DEBUG PagePane: OBJECT_UNSELECT_TREEVIEW:  Parent: Page$8
2021-02-09 18:01:25,738 DEBUG PagePane: OBJECT_UNSELECT_TREEVIEW:  Parent: Page$8
2021-02-09 18:01:25,738 DEBUG PagePane: OBJECT_UNSELECT_TREEVIEW:  Parent: Page$8
2021-02-09 18:01:25,738 DEBUG PagePane: OBJECT_UNSELECT_TREEVIEW:  Parent: Page$8
2021-02-09 18:01:25,738 DEBUG PagePane: OBJECT_UNSELECT_TREEVIEW:  Parent: Page$8
2021-02-09 18:01:25,738 DEBUG PagePane: OBJECT_UNSELECT_TREEVIEW:  Parent: Page$8
2021-02-09 18:01:25,738 DEBUG PagePane: OBJECT_UNSELECT_TREEVIEW:  Parent: Page$8
2021-02-09 18:01:25,738 DEBUG PagePane: OBJECT_UNSELECT_TREEVIEW:  Parent: Page$8
2021-02-09 18:01:25,738 DEBUG PagePane: OBJECT_UNSELECT_TREEVIEW:  Parent: Page$8
2021-02-09 18:01:25,738 DEBUG PagePane: OBJECT_UNSELECT_TREEVIEW:  Parent: Page$8
2021-02-09 18:01:25,738 DEBUG PagePane: OBJECT_UNSELECT_TREEVIEW:  Parent: Page$8
2021-02-09 18:01:25,960 DEBUG PropManager: OBJECT_SELECTED_TREEVIEW: Page$8 Parent: Root
2021-02-09 18:01:25,960 DEBUG Controller recv: OBJECT_SELECTED_TREEVIEW: Page$8 Parent: Root
2021-02-09 18:01:29,305 DEBUG PropManager: OBJECT_SELECTED_TREEVIEW: Page$7 Parent: Root
2021-02-09 18:01:29,305 DEBUG Controller recv: OBJECT_SELECTED_TREEVIEW: Page$7 Parent: Root
2021-02-09 18:01:29,913 DEBUG PropManager: OBJECT_SELECTED_TREEVIEW: Page$6 Parent: Root
2021-02-09 18:01:29,913 DEBUG Controller recv: OBJECT_SELECTED_TREEVIEW: Page$6 Parent: Root
2021-02-09 18:01:30,334 DEBUG PropManager: OBJECT_SELECTED_TREEVIEW: Page$5 Parent: Root
2021-02-09 18:01:30,334 DEBUG Controller recv: OBJECT_SELECTED_TREEVIEW: Page$5 Parent: Root
2021-02-09 18:01:30,782 DEBUG PropManager: OBJECT_SELECTED_TREEVIEW: Page$6 Parent: Root
2021-02-09 18:01:30,782 DEBUG Controller recv: OBJECT_SELECTED_TREEVIEW: Page$6 Parent: Root
2021-02-09 18:01:31,171 DEBUG PropManager: OBJECT_SELECTED_TREEVIEW: Page$7 Parent: Root
2021-02-09 18:01:31,171 DEBUG Controller recv: OBJECT_SELECTED_TREEVIEW: Page$7 Parent: Root
2021-02-09 18:01:31,756 DEBUG PropManager: OBJECT_SELECTED_TREEVIEW: Page$8 Parent: Root
2021-02-09 18:01:31,756 DEBUG Controller recv: OBJECT_SELECTED_TREEVIEW: Page$8 Parent: Root
