2021-02-07 04:30:04,784 DEBUG Builder exit
2021-02-07 15:54:42,595 DEBUG Builder ver: 0.16.b004 started java ver: 14.0 osys: linux
2021-02-07 15:54:42,735 DEBUG FontFactory Initialized
2021-02-07 15:54:43,784 DEBUG TV-add page: Node: key=Project$1 enum=E_PROJECT_OPTIONS type=Project
2021-02-07 15:54:43,795 DEBUG PropManager: OBJECT_SELECTED_TREEVIEW: Project$1 Parent: Root
2021-02-07 15:54:43,795 DEBUG Controller recv: OBJECT_SELECTED_TREEVIEW: Project$1 Parent: Root
2021-02-07 15:54:43,797 DEBUG TreeView recv: PAGE_TAB_CHANGE Key: Page$1
2021-02-07 15:54:43,799 DEBUG TV-add page: Node: key=Page$1 enum=E_PG_MAIN type=Page
2021-02-07 15:54:43,802 DEBUG PropManager: OBJECT_SELECTED_TREEVIEW: Page$1 Parent: Root
2021-02-07 15:54:43,802 DEBUG Controller recv: OBJECT_SELECTED_TREEVIEW: Page$1 Parent: Root
2021-02-07 15:54:43,803 DEBUG New Project
2021-02-07 15:54:48,405 DEBUG Menu: open
2021-02-07 15:54:49,849 DEBUG Open Project: projects.prj Started
2021-02-07 15:54:49,906 DEBUG TV-add page: Node: key=Project$1 enum=E_PROJECT_OPTIONS type=Project
2021-02-07 15:54:49,911 DEBUG PropManager: OBJECT_SELECTED_TREEVIEW: Project$1 Parent: Root
2021-02-07 15:54:49,911 DEBUG Controller recv: OBJECT_SELECTED_TREEVIEW: Project$1 Parent: Root
2021-02-07 15:54:49,913 DEBUG TreeView recv: PAGE_TAB_CHANGE Key: BasePage$1
2021-02-07 15:54:49,919 DEBUG TV-add page: Node: key=BasePage$1 enum=E_PG_BASE type=BasePage
2021-02-07 15:54:49,921 DEBUG PropManager: OBJECT_SELECTED_TREEVIEW: BasePage$1 Parent: Root
2021-02-07 15:54:49,921 DEBUG Controller recv: OBJECT_SELECTED_TREEVIEW: BasePage$1 Parent: Root
2021-02-07 15:54:50,040 DEBUG TreeView recv: PAGE_TAB_CHANGE Key: Page$1
2021-02-07 15:54:50,044 DEBUG TV-add page: Node: key=Page$1 enum=E_PG_BOOT type=Page
2021-02-07 15:54:50,046 DEBUG PropManager: OBJECT_SELECTED_TREEVIEW: Page$1 Parent: Root
2021-02-07 15:54:50,047 DEBUG Controller recv: OBJECT_SELECTED_TREEVIEW: Page$1 Parent: Root
2021-02-07 15:54:50,069 DEBUG TreeView recv: PAGE_TAB_CHANGE Key: Page$2
2021-02-07 15:54:50,074 DEBUG TV-add page: Node: key=Page$2 enum=E_PG_HOME type=Page
2021-02-07 15:54:50,076 DEBUG PropManager: OBJECT_SELECTED_TREEVIEW: Page$2 Parent: Root
2021-02-07 15:54:50,076 DEBUG Controller recv: OBJECT_SELECTED_TREEVIEW: Page$2 Parent: Root
2021-02-07 15:54:50,176 DEBUG TreeView recv: PAGE_TAB_CHANGE Key: Page$3
2021-02-07 15:54:50,181 DEBUG TV-add page: Node: key=Page$3 enum=E_PG_MONITOR type=Page
2021-02-07 15:54:50,184 DEBUG PropManager: OBJECT_SELECTED_TREEVIEW: Page$3 Parent: Root
2021-02-07 15:54:50,184 DEBUG Controller recv: OBJECT_SELECTED_TREEVIEW: Page$3 Parent: Root
2021-02-07 15:54:50,634 DEBUG TreeView recv: PAGE_TAB_CHANGE Key: Page$4
2021-02-07 15:54:50,637 DEBUG TV-add page: Node: key=Page$4 enum=E_PG_SELECT_IC type=Page
2021-02-07 15:54:50,639 DEBUG PropManager: OBJECT_SELECTED_TREEVIEW: Page$4 Parent: Root
2021-02-07 15:54:50,639 DEBUG Controller recv: OBJECT_SELECTED_TREEVIEW: Page$4 Parent: Root
2021-02-07 15:54:50,667 DEBUG TreeView recv: PAGE_TAB_CHANGE Key: Page$5
2021-02-07 15:54:50,671 DEBUG TV-add page: Node: key=Page$5 enum=E_PG_SETTINGS_MAIN type=Page
2021-02-07 15:54:50,673 DEBUG PropManager: OBJECT_SELECTED_TREEVIEW: Page$5 Parent: Root
2021-02-07 15:54:50,674 DEBUG Controller recv: OBJECT_SELECTED_TREEVIEW: Page$5 Parent: Root
2021-02-07 15:54:50,701 DEBUG TreeView recv: PAGE_TAB_CHANGE Key: Page$6
2021-02-07 15:54:50,706 DEBUG TV-add page: Node: key=Page$6 enum=E_PG_SETTINGS_BMU type=Page
2021-02-07 15:54:50,708 DEBUG PropManager: OBJECT_SELECTED_TREEVIEW: Page$6 Parent: Root
2021-02-07 15:54:50,708 DEBUG Controller recv: OBJECT_SELECTED_TREEVIEW: Page$6 Parent: Root
2021-02-07 15:54:51,215 DEBUG TreeView recv: PAGE_TAB_CHANGE Key: Page$7
2021-02-07 15:54:51,220 DEBUG TV-add page: Node: key=Page$7 enum=E_PG_SETTINGS_BMS type=Page
2021-02-07 15:54:51,223 DEBUG PropManager: OBJECT_SELECTED_TREEVIEW: Page$7 Parent: Root
2021-02-07 15:54:51,223 DEBUG Controller recv: OBJECT_SELECTED_TREEVIEW: Page$7 Parent: Root
2021-02-07 15:54:51,248 DEBUG TreeView recv: PAGE_TAB_CHANGE Key: Page$8
2021-02-07 15:54:51,254 DEBUG TV-add page: Node: key=Page$8 enum=E_PG_SETTINGS_BALANCING type=Page
2021-02-07 15:54:51,256 DEBUG PropManager: OBJECT_SELECTED_TREEVIEW: Page$8 Parent: Root
2021-02-07 15:54:51,257 DEBUG Controller recv: OBJECT_SELECTED_TREEVIEW: Page$8 Parent: Root
2021-02-07 15:54:51,426 DEBUG PropManager: OBJECT_UNSELECT_PAGEPANE:  Parent: 
2021-02-07 15:54:51,426 DEBUG TreeView recv: OBJECT_UNSELECT_PAGEPANE:  Parent: 
2021-02-07 15:54:51,426 DEBUG PropManager: OBJECT_UNSELECT_TREEVIEW:  Parent: 
2021-02-07 15:54:51,426 DEBUG PagePane: OBJECT_UNSELECT_TREEVIEW:  Parent: 
2021-02-07 15:54:51,427 DEBUG PagePane: OBJECT_UNSELECT_TREEVIEW:  Parent: 
2021-02-07 15:54:51,427 DEBUG PagePane: OBJECT_UNSELECT_TREEVIEW:  Parent: 
2021-02-07 15:54:51,427 DEBUG PagePane: OBJECT_UNSELECT_TREEVIEW:  Parent: 
2021-02-07 15:54:51,427 DEBUG PagePane: OBJECT_UNSELECT_TREEVIEW:  Parent: 
2021-02-07 15:54:51,427 DEBUG PagePane: OBJECT_UNSELECT_TREEVIEW:  Parent: 
2021-02-07 15:54:51,427 DEBUG PagePane: OBJECT_UNSELECT_TREEVIEW:  Parent: 
2021-02-07 15:54:51,427 DEBUG PagePane: OBJECT_UNSELECT_TREEVIEW:  Parent: 
2021-02-07 15:54:51,427 DEBUG PagePane: OBJECT_UNSELECT_TREEVIEW:  Parent: 
2021-02-07 15:54:51,427 DEBUG PagePane: OBJECT_UNSELECT_TREEVIEW:  Parent: 
2021-02-07 15:54:51,427 DEBUG PagePane: OBJECT_UNSELECT_TREEVIEW:  Parent: 
2021-02-07 15:54:51,427 DEBUG PagePane: OBJECT_UNSELECT_TREEVIEW:  Parent: 
2021-02-07 15:54:51,428 DEBUG PagePane: OBJECT_UNSELECT_TREEVIEW:  Parent: 
2021-02-07 15:54:51,428 DEBUG PagePane: OBJECT_UNSELECT_TREEVIEW:  Parent: 
2021-02-07 15:54:51,428 DEBUG PagePane: OBJECT_UNSELECT_TREEVIEW:  Parent: 
2021-02-07 15:54:51,428 DEBUG PagePane: OBJECT_UNSELECT_TREEVIEW:  Parent: 
2021-02-07 15:54:51,428 DEBUG PagePane: OBJECT_UNSELECT_TREEVIEW:  Parent: 
2021-02-07 15:54:51,428 DEBUG PagePane: OBJECT_UNSELECT_TREEVIEW:  Parent: 
2021-02-07 15:54:51,428 DEBUG PagePane: OBJECT_UNSELECT_TREEVIEW:  Parent: 
2021-02-07 15:54:51,428 DEBUG PagePane: OBJECT_UNSELECT_TREEVIEW:  Parent: 
2021-02-07 15:54:51,429 DEBUG Opened Project File: projects.prj
2021-02-07 15:54:56,785 DEBUG PropManager: OBJECT_SELECTED_TREEVIEW: BasePage$1 Parent: Root
2021-02-07 15:54:56,785 DEBUG Controller recv: OBJECT_SELECTED_TREEVIEW: BasePage$1 Parent: Root
2021-02-07 15:54:57,597 DEBUG PropManager: OBJECT_SELECTED_TREEVIEW: Page$1 Parent: Root
2021-02-07 15:54:57,598 DEBUG Controller recv: OBJECT_SELECTED_TREEVIEW: Page$1 Parent: Root
2021-02-07 15:54:58,299 DEBUG PropManager: OBJECT_SELECTED_TREEVIEW: Page$2 Parent: Root
2021-02-07 15:54:58,300 DEBUG Controller recv: OBJECT_SELECTED_TREEVIEW: Page$2 Parent: Root
2021-02-07 15:54:59,005 DEBUG PropManager: OBJECT_SELECTED_TREEVIEW: Page$3 Parent: Root
2021-02-07 15:54:59,005 DEBUG Controller recv: OBJECT_SELECTED_TREEVIEW: Page$3 Parent: Root
2021-02-07 15:54:59,748 DEBUG PropManager: OBJECT_SELECTED_TREEVIEW: Page$4 Parent: Root
2021-02-07 15:54:59,748 DEBUG Controller recv: OBJECT_SELECTED_TREEVIEW: Page$4 Parent: Root
2021-02-07 15:55:00,498 DEBUG PropManager: OBJECT_SELECTED_TREEVIEW: Page$5 Parent: Root
2021-02-07 15:55:00,498 DEBUG Controller recv: OBJECT_SELECTED_TREEVIEW: Page$5 Parent: Root
2021-02-07 15:55:01,397 DEBUG PropManager: OBJECT_SELECTED_TREEVIEW: Page$6 Parent: Root
2021-02-07 15:55:01,397 DEBUG Controller recv: OBJECT_SELECTED_TREEVIEW: Page$6 Parent: Root
2021-02-07 15:55:02,167 DEBUG PropManager: OBJECT_SELECTED_TREEVIEW: Page$7 Parent: Root
2021-02-07 15:55:02,167 DEBUG Controller recv: OBJECT_SELECTED_TREEVIEW: Page$7 Parent: Root
2021-02-07 15:55:02,894 DEBUG PropManager: OBJECT_SELECTED_TREEVIEW: Page$8 Parent: Root
2021-02-07 15:55:02,895 DEBUG Controller recv: OBJECT_SELECTED_TREEVIEW: Page$8 Parent: Root
2021-02-07 15:55:04,111 DEBUG PropManager: OBJECT_UNSELECT_TREEVIEW:  Parent: Page$8
2021-02-07 15:55:04,112 DEBUG PagePane: OBJECT_UNSELECT_TREEVIEW:  Parent: Page$8
2021-02-07 15:55:04,113 DEBUG PagePane: OBJECT_UNSELECT_TREEVIEW:  Parent: Page$8
2021-02-07 15:55:04,113 DEBUG PagePane: OBJECT_UNSELECT_TREEVIEW:  Parent: Page$8
2021-02-07 15:55:04,114 DEBUG PagePane: OBJECT_UNSELECT_TREEVIEW:  Parent: Page$8
2021-02-07 15:55:04,118 DEBUG PagePane: OBJECT_UNSELECT_TREEVIEW:  Parent: Page$8
2021-02-07 15:55:04,118 DEBUG PagePane: OBJECT_UNSELECT_TREEVIEW:  Parent: Page$8
2021-02-07 15:55:04,118 DEBUG PagePane: OBJECT_UNSELECT_TREEVIEW:  Parent: Page$8
2021-02-07 15:55:04,118 DEBUG PagePane: OBJECT_UNSELECT_TREEVIEW:  Parent: Page$8
2021-02-07 15:55:04,119 DEBUG PagePane: OBJECT_UNSELECT_TREEVIEW:  Parent: Page$8
2021-02-07 15:55:04,119 DEBUG PagePane: OBJECT_UNSELECT_TREEVIEW:  Parent: Page$8
2021-02-07 15:55:04,119 DEBUG PagePane: OBJECT_UNSELECT_TREEVIEW:  Parent: Page$8
2021-02-07 15:55:04,119 DEBUG PagePane: OBJECT_UNSELECT_TREEVIEW:  Parent: Page$8
2021-02-07 15:55:04,119 DEBUG PagePane: OBJECT_UNSELECT_TREEVIEW:  Parent: Page$8
2021-02-07 15:55:04,120 DEBUG PagePane: OBJECT_UNSELECT_TREEVIEW:  Parent: Page$8
2021-02-07 15:55:04,120 DEBUG PagePane: OBJECT_UNSELECT_TREEVIEW:  Parent: Page$8
2021-02-07 15:55:04,120 DEBUG PagePane: OBJECT_UNSELECT_TREEVIEW:  Parent: Page$8
2021-02-07 15:55:04,120 DEBUG PagePane: OBJECT_UNSELECT_TREEVIEW:  Parent: Page$8
2021-02-07 15:55:04,120 DEBUG PagePane: OBJECT_UNSELECT_TREEVIEW:  Parent: Page$8
2021-02-07 15:55:04,120 DEBUG PagePane: OBJECT_UNSELECT_TREEVIEW:  Parent: Page$8
2021-02-07 15:55:04,121 DEBUG PagePane: OBJECT_UNSELECT_TREEVIEW:  Parent: Page$8
2021-02-07 15:55:04,600 DEBUG PropManager: OBJECT_SELECTED_TREEVIEW: Page$7 Parent: Root
2021-02-07 15:55:04,600 DEBUG Controller recv: OBJECT_SELECTED_TREEVIEW: Page$7 Parent: Root
2021-02-07 15:55:05,035 DEBUG PropManager: OBJECT_SELECTED_TREEVIEW: Page$8 Parent: Root
2021-02-07 15:55:05,036 DEBUG Controller recv: OBJECT_SELECTED_TREEVIEW: Page$8 Parent: Root
2021-02-07 15:55:06,018 DEBUG PropManager: OBJECT_SELECTED_PAGEPANE: Page$8
2021-02-07 15:55:06,020 DEBUG TreeView recv: OBJECT_SELECTED_PAGEPANE: Page$8
2021-02-07 15:56:58,885 DEBUG PropManager: OBJECT_SELECTED_PAGEPANE: NumberInput$3
2021-02-07 15:56:58,885 DEBUG TreeView recv: OBJECT_SELECTED_PAGEPANE: NumberInput$3
2021-02-07 16:08:14,460 DEBUG PropManager: OBJECT_SELECTED_PAGEPANE: Page$8
2021-02-07 16:08:14,460 DEBUG TreeView recv: OBJECT_SELECTED_PAGEPANE: Page$8
2021-02-07 16:08:16,336 DEBUG PropManager: OBJECT_SELECTED_PAGEPANE: NumberInput$5
2021-02-07 16:08:16,336 DEBUG TreeView recv: OBJECT_SELECTED_PAGEPANE: NumberInput$5
2021-02-07 16:09:17,812 DEBUG PropManager: OBJECT_SELECTED_PAGEPANE: Text$121
2021-02-07 16:09:17,812 DEBUG TreeView recv: OBJECT_SELECTED_PAGEPANE: Text$121
2021-02-07 16:17:45,512 DEBUG MAXCODEPOINT: 255
2021-02-07 16:46:46,877 DEBUG Perform: model: Text$121 Property: 'Text' Changed from->ø C to->ø C row=8
2021-02-07 16:46:46,978 DEBUG PropManager: OBJECT_SELECTED_PAGEPANE: TextButton$21
2021-02-07 16:46:46,979 DEBUG TreeView recv: OBJECT_SELECTED_PAGEPANE: TextButton$21
2021-02-07 16:47:10,823 DEBUG PropManager: OBJECT_SELECTED_PAGEPANE: TextButton$21
2021-02-07 16:47:10,824 DEBUG TreeView recv: OBJECT_SELECTED_PAGEPANE: TextButton$21
2021-02-07 16:47:28,340 DEBUG TreeView recv: WIDGET_ENUM_CHANGE: TextButton$21 Parent: E_ELEM_BTN_BALANCING_SAVE
2021-02-07 16:47:28,344 DEBUG Perform: model: TextButton$21 Property: 'ENUM' Changed from->E_ELEM_BTN_BALANCING_APPLY to->E_ELEM_BTN_BALANCING_SAVE row=1
2021-02-07 16:47:31,068 DEBUG Perform: model: TextButton$21 Property: 'Label' Changed from->APPLY to->SAVE row=8
2021-02-07 16:47:31,182 DEBUG PropManager: OBJECT_SELECTED_PAGEPANE: Page$8
2021-02-07 16:47:31,182 DEBUG TreeView recv: OBJECT_SELECTED_PAGEPANE: Page$8
2021-02-07 16:47:32,052 DEBUG Menu: save
2021-02-07 16:47:32,079 DEBUG Saved Project into projects.prj
2021-02-07 16:47:33,764 DEBUG Toolbar: save
2021-02-07 16:47:33,773 DEBUG Saved Project into projects.prj
2021-02-07 16:47:34,855 DEBUG Toolbar: generateCode
2021-02-07 17:00:07,023 DEBUG PropManager: OBJECT_SELECTED_PAGEPANE: NumberInput$3
2021-02-07 17:00:07,024 DEBUG TreeView recv: OBJECT_SELECTED_PAGEPANE: NumberInput$3
2021-02-07 17:00:23,277 DEBUG TreeView recv: WIDGET_ENUM_CHANGE: NumberInput$3 Parent: E_ELEM_NUMINPUT_OVERVOLTAGE
2021-02-07 17:00:23,278 DEBUG Perform: model: NumberInput$3 Property: 'ENUM' Changed from->E_ELEM_NUMINPUT3 to->E_ELEM_NUMINPUT_OVERVOLTAGE row=1
2021-02-07 17:00:25,450 DEBUG PropManager: OBJECT_SELECTED_PAGEPANE: NumberInput$4
2021-02-07 17:00:25,451 DEBUG TreeView recv: OBJECT_SELECTED_PAGEPANE: NumberInput$4
2021-02-07 17:00:34,435 DEBUG TreeView recv: WIDGET_ENUM_CHANGE: NumberInput$4 Parent: E_ELEM_NUMINPUT_UNDERVOLTAGE
2021-02-07 17:00:34,438 DEBUG Perform: model: NumberInput$4 Property: 'ENUM' Changed from->E_ELEM_NUMINPUT4 to->E_ELEM_NUMINPUT_UNDERVOLTAGE row=1
2021-02-07 17:00:38,770 DEBUG Toolbar: save
2021-02-07 17:00:38,790 DEBUG Saved Project into projects.prj
2021-02-07 17:00:41,506 DEBUG Toolbar: generateCode
2021-02-07 17:02:43,508 DEBUG PropManager: OBJECT_SELECTED_PAGEPANE: Page$8
2021-02-07 17:02:43,508 DEBUG TreeView recv: OBJECT_SELECTED_PAGEPANE: Page$8
2021-02-07 17:02:44,008 DEBUG PropManager: OBJECT_SELECTED_PAGEPANE: NumberInput$3
2021-02-07 17:02:44,008 DEBUG TreeView recv: OBJECT_SELECTED_PAGEPANE: NumberInput$3
2021-02-07 17:34:37,172 DEBUG Perform: model: NumberInput$3 Property: 'UTF-8?' Changed from->false to->true row=9
2021-02-07 17:34:40,680 DEBUG Perform: model: NumberInput$3 Property: 'UTF-8?' Changed from->true to->false row=9
2021-02-07 17:34:41,422 DEBUG PropManager: OBJECT_SELECTED_PAGEPANE: Page$8
2021-02-07 17:34:41,422 DEBUG TreeView recv: OBJECT_SELECTED_PAGEPANE: Page$8
2021-02-07 17:34:43,008 DEBUG PropManager: OBJECT_SELECTED_PAGEPANE: Text$119
2021-02-07 17:34:43,009 DEBUG TreeView recv: OBJECT_SELECTED_PAGEPANE: Text$119
2021-02-07 17:34:51,159 DEBUG MAXCODEPOINT: 255
2021-02-07 17:35:30,440 DEBUG Perform: model: Text$119 Property: 'Text' Changed from->	C to->00B0 row=8
2021-02-07 17:35:30,554 DEBUG PropManager: OBJECT_SELECTED_PAGEPANE: Page$8
2021-02-07 17:35:30,554 DEBUG TreeView recv: OBJECT_SELECTED_PAGEPANE: Page$8
2021-02-07 17:35:32,046 DEBUG PropManager: OBJECT_SELECTED_PAGEPANE: Text$119
2021-02-07 17:35:32,046 DEBUG TreeView recv: OBJECT_SELECTED_PAGEPANE: Text$119
2021-02-07 17:35:37,205 DEBUG Perform: model: Text$119 Property: 'Text' Changed from->00B0 to->\00B0 row=8
2021-02-07 17:35:37,312 DEBUG PropManager: OBJECT_SELECTED_PAGEPANE: Page$8
2021-02-07 17:35:37,312 DEBUG TreeView recv: OBJECT_SELECTED_PAGEPANE: Page$8
2021-02-07 17:35:41,187 DEBUG PropManager: OBJECT_SELECTED_PAGEPANE: Text$119
2021-02-07 17:35:41,188 DEBUG TreeView recv: OBJECT_SELECTED_PAGEPANE: Text$119
2021-02-07 17:35:42,342 DEBUG Perform: model: Text$119 Property: 'UTF-8?' Changed from->true to->false row=9
2021-02-07 17:35:42,499 DEBUG Perform: model: Text$119 Property: 'UTF-8?' Changed from->false to->true row=9
2021-02-07 17:35:46,727 DEBUG Perform: model: Text$119 Property: 'Text' Changed from->\00B0 to->\uB0 row=8
2021-02-07 17:35:46,834 DEBUG PropManager: OBJECT_SELECTED_PAGEPANE: Page$8
2021-02-07 17:35:46,834 DEBUG TreeView recv: OBJECT_SELECTED_PAGEPANE: Page$8
2021-02-07 17:35:48,203 DEBUG PropManager: OBJECT_SELECTED_PAGEPANE: Text$119
2021-02-07 17:35:48,203 DEBUG TreeView recv: OBJECT_SELECTED_PAGEPANE: Text$119
